Diretório criado: C:\xampp\htdocs\projects\lexyhands\app\services/../cache/sqlEasy/
Cache salvo: C:\xampp\htdocs\projects\lexyhands\app\services/../cache/sqlEasy/40d8e09789d7ac17e7889e429c21e6a1_b566e03a350e72c624cba11f9f76758d.cache
Diretório criado: C:\xampp\htdocs\projects\lexyhands\app\services/../cache/site_traffic/
Cache salvo: C:\xampp\htdocs\projects\lexyhands\app\services/../cache/site_traffic/d50bbcf3b089f3fd4caf233c72b3d990.cache
Cache salvo: C:\xampp\htdocs\projects\lexyhands\app\services/../cache/sqlEasy/25dd178a9704f91d6c82ecaafb2cc8d3_1f9b45f014df8650cb82207610ea9217.cache
Cache salvo: C:\xampp\htdocs\projects\lexyhands\app\services/../cache/sqlEasy/25dd178a9704f91d6c82ecaafb2cc8d3_f0486d1984b7067bea2289dd87ea30ed.cache
Cache salvo: C:\xampp\htdocs\projects\lexyhands\app\services/../cache/sqlEasy/25dd178a9704f91d6c82ecaafb2cc8d3_3a3e777860f41e770d800730b1036dec.cache
Cache salvo: C:\xampp\htdocs\projects\lexyhands\app\services/../cache/sqlEasy/26cac1f53d8e90c90e84ea502821e590_a4d8f73c080a06e4f263324b530cabf2.cache
Cache salvo: C:\xampp\htdocs\projects\lexyhands\app\services/../cache/sqlEasy/42f152df35b4930ea8b88e9d5770ac42_85ddb0aa084a6bb147211230a6457cbc.cache
Cache salvo: C:\xampp\htdocs\projects\lexyhands\app\services/../cache/sqlEasy/25dd178a9704f91d6c82ecaafb2cc8d3_d737ee447d57608ae208c37524a31d1c.cache
Cache válido encontrado: C:\xampp\htdocs\projects\lexyhands\app\services/../cache/sqlEasy/25dd178a9704f91d6c82ecaafb2cc8d3_f0486d1984b7067bea2289dd87ea30ed.cache
Cache válido encontrado: C:\xampp\htdocs\projects\lexyhands\app\services/../cache/sqlEasy/25dd178a9704f91d6c82ecaafb2cc8d3_f0486d1984b7067bea2289dd87ea30ed.cache
Cache válido encontrado: C:\xampp\htdocs\projects\lexyhands\app\services/../cache/sqlEasy/25dd178a9704f91d6c82ecaafb2cc8d3_3a3e777860f41e770d800730b1036dec.cache
Cache válido encontrado: C:\xampp\htdocs\projects\lexyhands\app\services/../cache/sqlEasy/25dd178a9704f91d6c82ecaafb2cc8d3_3a3e777860f41e770d800730b1036dec.cache
Cache válido encontrado: C:\xampp\htdocs\projects\lexyhands\app\services/../cache/sqlEasy/26cac1f53d8e90c90e84ea502821e590_a4d8f73c080a06e4f263324b530cabf2.cache
Cache válido encontrado: C:\xampp\htdocs\projects\lexyhands\app\services/../cache/sqlEasy/26cac1f53d8e90c90e84ea502821e590_a4d8f73c080a06e4f263324b530cabf2.cache
Cache válido encontrado: C:\xampp\htdocs\projects\lexyhands\app\services/../cache/sqlEasy/42f152df35b4930ea8b88e9d5770ac42_85ddb0aa084a6bb147211230a6457cbc.cache
Cache válido encontrado: C:\xampp\htdocs\projects\lexyhands\app\services/../cache/sqlEasy/42f152df35b4930ea8b88e9d5770ac42_85ddb0aa084a6bb147211230a6457cbc.cache
Cache salvo: C:\xampp\htdocs\projects\lexyhands\app\services/../cache/sqlEasy/25dd178a9704f91d6c82ecaafb2cc8d3_346e7af1d4dcc2519bb59a47cd73f6d9.cache
Cache salvo: C:\xampp\htdocs\projects\lexyhands\app\services/../cache/sqlEasy/42f152df35b4930ea8b88e9d5770ac42_1096cf37cb0acd1dd453353e75232c55.cache
Cache salvo: C:\xampp\htdocs\projects\lexyhands\app\services/../cache/sqlEasy/25dd178a9704f91d6c82ecaafb2cc8d3_a1caaf36fd976aaf9cc4a2ed64434a07.cache
Cache salvo: C:\xampp\htdocs\projects\lexyhands\app\services/../cache/sqlEasy/d4653d6278e29621399445c405b32369_2620528386d7a439297805759c239cca.cache
Cache salvo: C:\xampp\htdocs\projects\lexyhands\app\services/../cache/sqlEasy/1c9af725634795207941a36774e8be19_d0df165b167152e7b9374944eefc6a49.cache
Cache salvo: C:\xampp\htdocs\projects\lexyhands\app\services/../cache/sqlEasy/f1e0829d5c0a24be2567fac12018c426_595d1cc0ae588f3b66c6a6affae69bcc.cache
Cache válido encontrado: C:\xampp\htdocs\projects\lexyhands\app\services/../cache/sqlEasy/f1e0829d5c0a24be2567fac12018c426_595d1cc0ae588f3b66c6a6affae69bcc.cache
Cache válido encontrado: C:\xampp\htdocs\projects\lexyhands\app\services/../cache/sqlEasy/f1e0829d5c0a24be2567fac12018c426_595d1cc0ae588f3b66c6a6affae69bcc.cache
Cache válido encontrado: C:\xampp\htdocs\projects\lexyhands\app\services/../cache/sqlEasy/d4653d6278e29621399445c405b32369_2620528386d7a439297805759c239cca.cache
Cache válido encontrado: C:\xampp\htdocs\projects\lexyhands\app\services/../cache/sqlEasy/d4653d6278e29621399445c405b32369_2620528386d7a439297805759c239cca.cache
Cache válido encontrado: C:\xampp\htdocs\projects\lexyhands\app\services/../cache/sqlEasy/1c9af725634795207941a36774e8be19_d0df165b167152e7b9374944eefc6a49.cache
Cache válido encontrado: C:\xampp\htdocs\projects\lexyhands\app\services/../cache/sqlEasy/1c9af725634795207941a36774e8be19_d0df165b167152e7b9374944eefc6a49.cache
Cache válido encontrado: C:\xampp\htdocs\projects\lexyhands\app\services/../cache/sqlEasy/d4653d6278e29621399445c405b32369_2620528386d7a439297805759c239cca.cache
Cache válido encontrado: C:\xampp\htdocs\projects\lexyhands\app\services/../cache/sqlEasy/d4653d6278e29621399445c405b32369_2620528386d7a439297805759c239cca.cache
Cache válido encontrado: C:\xampp\htdocs\projects\lexyhands\app\services/../cache/sqlEasy/1c9af725634795207941a36774e8be19_d0df165b167152e7b9374944eefc6a49.cache
Cache válido encontrado: C:\xampp\htdocs\projects\lexyhands\app\services/../cache/sqlEasy/1c9af725634795207941a36774e8be19_d0df165b167152e7b9374944eefc6a49.cache
Cache válido encontrado: C:\xampp\htdocs\projects\lexyhands\app\services/../cache/sqlEasy/d4653d6278e29621399445c405b32369_2620528386d7a439297805759c239cca.cache
Cache válido encontrado: C:\xampp\htdocs\projects\lexyhands\app\services/../cache/sqlEasy/d4653d6278e29621399445c405b32369_2620528386d7a439297805759c239cca.cache
Cache válido encontrado: C:\xampp\htdocs\projects\lexyhands\app\services/../cache/sqlEasy/1c9af725634795207941a36774e8be19_d0df165b167152e7b9374944eefc6a49.cache
Cache válido encontrado: C:\xampp\htdocs\projects\lexyhands\app\services/../cache/sqlEasy/1c9af725634795207941a36774e8be19_d0df165b167152e7b9374944eefc6a49.cache
Cache válido encontrado: C:\xampp\htdocs\projects\lexyhands\app\services/../cache/sqlEasy/d4653d6278e29621399445c405b32369_2620528386d7a439297805759c239cca.cache
Cache válido encontrado: C:\xampp\htdocs\projects\lexyhands\app\services/../cache/sqlEasy/d4653d6278e29621399445c405b32369_2620528386d7a439297805759c239cca.cache
Cache válido encontrado: C:\xampp\htdocs\projects\lexyhands\app\services/../cache/sqlEasy/1c9af725634795207941a36774e8be19_d0df165b167152e7b9374944eefc6a49.cache
Cache válido encontrado: C:\xampp\htdocs\projects\lexyhands\app\services/../cache/sqlEasy/1c9af725634795207941a36774e8be19_d0df165b167152e7b9374944eefc6a49.cache
Cache válido encontrado: C:\xampp\htdocs\projects\lexyhands\app\services/../cache/sqlEasy/d4653d6278e29621399445c405b32369_2620528386d7a439297805759c239cca.cache
Cache válido encontrado: C:\xampp\htdocs\projects\lexyhands\app\services/../cache/sqlEasy/d4653d6278e29621399445c405b32369_2620528386d7a439297805759c239cca.cache
Cache válido encontrado: C:\xampp\htdocs\projects\lexyhands\app\services/../cache/sqlEasy/1c9af725634795207941a36774e8be19_d0df165b167152e7b9374944eefc6a49.cache
Cache válido encontrado: C:\xampp\htdocs\projects\lexyhands\app\services/../cache/sqlEasy/1c9af725634795207941a36774e8be19_d0df165b167152e7b9374944eefc6a49.cache
Cache válido encontrado: C:\xampp\htdocs\projects\lexyhands\app\services/../cache/sqlEasy/d4653d6278e29621399445c405b32369_2620528386d7a439297805759c239cca.cache
Cache válido encontrado: C:\xampp\htdocs\projects\lexyhands\app\services/../cache/sqlEasy/d4653d6278e29621399445c405b32369_2620528386d7a439297805759c239cca.cache
Cache válido encontrado: C:\xampp\htdocs\projects\lexyhands\app\services/../cache/sqlEasy/1c9af725634795207941a36774e8be19_d0df165b167152e7b9374944eefc6a49.cache
Cache válido encontrado: C:\xampp\htdocs\projects\lexyhands\app\services/../cache/sqlEasy/1c9af725634795207941a36774e8be19_d0df165b167152e7b9374944eefc6a49.cache
Cache válido encontrado: C:\xampp\htdocs\projects\lexyhands\app\services/../cache/sqlEasy/d4653d6278e29621399445c405b32369_2620528386d7a439297805759c239cca.cache
Cache válido encontrado: C:\xampp\htdocs\projects\lexyhands\app\services/../cache/sqlEasy/d4653d6278e29621399445c405b32369_2620528386d7a439297805759c239cca.cache
Cache válido encontrado: C:\xampp\htdocs\projects\lexyhands\app\services/../cache/sqlEasy/1c9af725634795207941a36774e8be19_d0df165b167152e7b9374944eefc6a49.cache
Cache válido encontrado: C:\xampp\htdocs\projects\lexyhands\app\services/../cache/sqlEasy/1c9af725634795207941a36774e8be19_d0df165b167152e7b9374944eefc6a49.cache
Cache válido encontrado: C:\xampp\htdocs\projects\lexyhands\app\services/../cache/sqlEasy/d4653d6278e29621399445c405b32369_2620528386d7a439297805759c239cca.cache
Cache válido encontrado: C:\xampp\htdocs\projects\lexyhands\app\services/../cache/sqlEasy/d4653d6278e29621399445c405b32369_2620528386d7a439297805759c239cca.cache
Cache válido encontrado: C:\xampp\htdocs\projects\lexyhands\app\services/../cache/sqlEasy/1c9af725634795207941a36774e8be19_d0df165b167152e7b9374944eefc6a49.cache
Cache válido encontrado: C:\xampp\htdocs\projects\lexyhands\app\services/../cache/sqlEasy/1c9af725634795207941a36774e8be19_d0df165b167152e7b9374944eefc6a49.cache
Cache válido encontrado: C:\xampp\htdocs\projects\lexyhands\app\services/../cache/sqlEasy/d4653d6278e29621399445c405b32369_2620528386d7a439297805759c239cca.cache
Cache válido encontrado: C:\xampp\htdocs\projects\lexyhands\app\services/../cache/sqlEasy/d4653d6278e29621399445c405b32369_2620528386d7a439297805759c239cca.cache
Cache válido encontrado: C:\xampp\htdocs\projects\lexyhands\app\services/../cache/sqlEasy/1c9af725634795207941a36774e8be19_d0df165b167152e7b9374944eefc6a49.cache
Cache válido encontrado: C:\xampp\htdocs\projects\lexyhands\app\services/../cache/sqlEasy/1c9af725634795207941a36774e8be19_d0df165b167152e7b9374944eefc6a49.cache
Cache válido encontrado: C:\xampp\htdocs\projects\lexyhands\app\services/../cache/sqlEasy/d4653d6278e29621399445c405b32369_2620528386d7a439297805759c239cca.cache
Cache válido encontrado: C:\xampp\htdocs\projects\lexyhands\app\services/../cache/sqlEasy/d4653d6278e29621399445c405b32369_2620528386d7a439297805759c239cca.cache
Cache válido encontrado: C:\xampp\htdocs\projects\lexyhands\app\services/../cache/sqlEasy/1c9af725634795207941a36774e8be19_d0df165b167152e7b9374944eefc6a49.cache
Cache válido encontrado: C:\xampp\htdocs\projects\lexyhands\app\services/../cache/sqlEasy/1c9af725634795207941a36774e8be19_d0df165b167152e7b9374944eefc6a49.cache
Cache válido encontrado: C:\xampp\htdocs\projects\lexyhands\app\services/../cache/sqlEasy/d4653d6278e29621399445c405b32369_2620528386d7a439297805759c239cca.cache
Cache válido encontrado: C:\xampp\htdocs\projects\lexyhands\app\services/../cache/sqlEasy/d4653d6278e29621399445c405b32369_2620528386d7a439297805759c239cca.cache
Cache válido encontrado: C:\xampp\htdocs\projects\lexyhands\app\services/../cache/sqlEasy/1c9af725634795207941a36774e8be19_d0df165b167152e7b9374944eefc6a49.cache
Cache válido encontrado: C:\xampp\htdocs\projects\lexyhands\app\services/../cache/sqlEasy/1c9af725634795207941a36774e8be19_d0df165b167152e7b9374944eefc6a49.cache
Cache válido encontrado: C:\xampp\htdocs\projects\lexyhands\app\services/../cache/sqlEasy/d4653d6278e29621399445c405b32369_2620528386d7a439297805759c239cca.cache
Cache válido encontrado: C:\xampp\htdocs\projects\lexyhands\app\services/../cache/sqlEasy/d4653d6278e29621399445c405b32369_2620528386d7a439297805759c239cca.cache
Cache válido encontrado: C:\xampp\htdocs\projects\lexyhands\app\services/../cache/sqlEasy/1c9af725634795207941a36774e8be19_d0df165b167152e7b9374944eefc6a49.cache
Cache válido encontrado: C:\xampp\htdocs\projects\lexyhands\app\services/../cache/sqlEasy/1c9af725634795207941a36774e8be19_d0df165b167152e7b9374944eefc6a49.cache
Cache válido encontrado: C:\xampp\htdocs\projects\lexyhands\app\services/../cache/sqlEasy/d4653d6278e29621399445c405b32369_2620528386d7a439297805759c239cca.cache
Cache válido encontrado: C:\xampp\htdocs\projects\lexyhands\app\services/../cache/sqlEasy/d4653d6278e29621399445c405b32369_2620528386d7a439297805759c239cca.cache
Cache válido encontrado: C:\xampp\htdocs\projects\lexyhands\app\services/../cache/sqlEasy/1c9af725634795207941a36774e8be19_d0df165b167152e7b9374944eefc6a49.cache
Cache válido encontrado: C:\xampp\htdocs\projects\lexyhands\app\services/../cache/sqlEasy/1c9af725634795207941a36774e8be19_d0df165b167152e7b9374944eefc6a49.cache
Cache válido encontrado: C:\xampp\htdocs\projects\lexyhands\app\services/../cache/sqlEasy/d4653d6278e29621399445c405b32369_2620528386d7a439297805759c239cca.cache
Cache válido encontrado: C:\xampp\htdocs\projects\lexyhands\app\services/../cache/sqlEasy/d4653d6278e29621399445c405b32369_2620528386d7a439297805759c239cca.cache
Cache válido encontrado: C:\xampp\htdocs\projects\lexyhands\app\services/../cache/sqlEasy/1c9af725634795207941a36774e8be19_d0df165b167152e7b9374944eefc6a49.cache
Cache válido encontrado: C:\xampp\htdocs\projects\lexyhands\app\services/../cache/sqlEasy/1c9af725634795207941a36774e8be19_d0df165b167152e7b9374944eefc6a49.cache
Cache válido encontrado: C:\xampp\htdocs\projects\lexyhands\app\services/../cache/sqlEasy/40d8e09789d7ac17e7889e429c21e6a1_b566e03a350e72c624cba11f9f76758d.cache
Cache válido encontrado: C:\xampp\htdocs\projects\lexyhands\app\services/../cache/sqlEasy/40d8e09789d7ac17e7889e429c21e6a1_b566e03a350e72c624cba11f9f76758d.cache
Cache válido encontrado: C:\xampp\htdocs\projects\lexyhands\app\services/../cache/sqlEasy/40d8e09789d7ac17e7889e429c21e6a1_b566e03a350e72c624cba11f9f76758d.cache
Cache válido encontrado: C:\xampp\htdocs\projects\lexyhands\app\services/../cache/sqlEasy/40d8e09789d7ac17e7889e429c21e6a1_b566e03a350e72c624cba11f9f76758d.cache
Cache válido encontrado: C:\xampp\htdocs\projects\lexyhands\app\services/../cache/sqlEasy/40d8e09789d7ac17e7889e429c21e6a1_b566e03a350e72c624cba11f9f76758d.cache
Cache válido encontrado: C:\xampp\htdocs\projects\lexyhands\app\services/../cache/sqlEasy/40d8e09789d7ac17e7889e429c21e6a1_b566e03a350e72c624cba11f9f76758d.cache
Cache válido encontrado: C:\xampp\htdocs\projects\lexyhands\app\services/../cache/sqlEasy/40d8e09789d7ac17e7889e429c21e6a1_b566e03a350e72c624cba11f9f76758d.cache
Cache válido encontrado: C:\xampp\htdocs\projects\lexyhands\app\services/../cache/sqlEasy/40d8e09789d7ac17e7889e429c21e6a1_b566e03a350e72c624cba11f9f76758d.cache
Cache válido encontrado: C:\xampp\htdocs\projects\lexyhands\app\services/../cache/sqlEasy/40d8e09789d7ac17e7889e429c21e6a1_b566e03a350e72c624cba11f9f76758d.cache
Cache válido encontrado: C:\xampp\htdocs\projects\lexyhands\app\services/../cache/sqlEasy/40d8e09789d7ac17e7889e429c21e6a1_b566e03a350e72c624cba11f9f76758d.cache
Cache válido encontrado: C:\xampp\htdocs\projects\lexyhands\app\services/../cache/sqlEasy/40d8e09789d7ac17e7889e429c21e6a1_b566e03a350e72c624cba11f9f76758d.cache
Cache válido encontrado: C:\xampp\htdocs\projects\lexyhands\app\services/../cache/sqlEasy/40d8e09789d7ac17e7889e429c21e6a1_b566e03a350e72c624cba11f9f76758d.cache
Cache válido encontrado: C:\xampp\htdocs\projects\lexyhands\app\services/../cache/sqlEasy/40d8e09789d7ac17e7889e429c21e6a1_b566e03a350e72c624cba11f9f76758d.cache
Cache válido encontrado: C:\xampp\htdocs\projects\lexyhands\app\services/../cache/sqlEasy/40d8e09789d7ac17e7889e429c21e6a1_b566e03a350e72c624cba11f9f76758d.cache
Cache válido encontrado: C:\xampp\htdocs\projects\lexyhands\app\services/../cache/sqlEasy/40d8e09789d7ac17e7889e429c21e6a1_b566e03a350e72c624cba11f9f76758d.cache
Cache válido encontrado: C:\xampp\htdocs\projects\lexyhands\app\services/../cache/sqlEasy/40d8e09789d7ac17e7889e429c21e6a1_b566e03a350e72c624cba11f9f76758d.cache
Cache válido encontrado: C:\xampp\htdocs\projects\lexyhands\app\services/../cache/sqlEasy/40d8e09789d7ac17e7889e429c21e6a1_b566e03a350e72c624cba11f9f76758d.cache
Cache válido encontrado: C:\xampp\htdocs\projects\lexyhands\app\services/../cache/sqlEasy/40d8e09789d7ac17e7889e429c21e6a1_b566e03a350e72c624cba11f9f76758d.cache
Cache válido encontrado: C:\xampp\htdocs\projects\lexyhands\app\services/../cache/sqlEasy/40d8e09789d7ac17e7889e429c21e6a1_b566e03a350e72c624cba11f9f76758d.cache
Cache válido encontrado: C:\xampp\htdocs\projects\lexyhands\app\services/../cache/sqlEasy/40d8e09789d7ac17e7889e429c21e6a1_b566e03a350e72c624cba11f9f76758d.cache
Cache válido encontrado: C:\xampp\htdocs\projects\lexyhands\app\services/../cache/sqlEasy/40d8e09789d7ac17e7889e429c21e6a1_b566e03a350e72c624cba11f9f76758d.cache
Cache válido encontrado: C:\xampp\htdocs\projects\lexyhands\app\services/../cache/sqlEasy/40d8e09789d7ac17e7889e429c21e6a1_b566e03a350e72c624cba11f9f76758d.cache
Cache válido encontrado: C:\xampp\htdocs\projects\lexyhands\app\services/../cache/sqlEasy/40d8e09789d7ac17e7889e429c21e6a1_b566e03a350e72c624cba11f9f76758d.cache
Cache válido encontrado: C:\xampp\htdocs\projects\lexyhands\app\services/../cache/sqlEasy/40d8e09789d7ac17e7889e429c21e6a1_b566e03a350e72c624cba11f9f76758d.cache
Cache válido encontrado: C:\xampp\htdocs\projects\lexyhands\app\services/../cache/sqlEasy/40d8e09789d7ac17e7889e429c21e6a1_b566e03a350e72c624cba11f9f76758d.cache
Cache válido encontrado: C:\xampp\htdocs\projects\lexyhands\app\services/../cache/sqlEasy/40d8e09789d7ac17e7889e429c21e6a1_b566e03a350e72c624cba11f9f76758d.cache
Cache válido encontrado: C:\xampp\htdocs\projects\lexyhands\app\services/../cache/sqlEasy/40d8e09789d7ac17e7889e429c21e6a1_b566e03a350e72c624cba11f9f76758d.cache
Cache válido encontrado: C:\xampp\htdocs\projects\lexyhands\app\services/../cache/sqlEasy/40d8e09789d7ac17e7889e429c21e6a1_b566e03a350e72c624cba11f9f76758d.cache
Cache válido encontrado: C:\xampp\htdocs\projects\lexyhands\app\services/../cache/sqlEasy/40d8e09789d7ac17e7889e429c21e6a1_b566e03a350e72c624cba11f9f76758d.cache
Cache válido encontrado: C:\xampp\htdocs\projects\lexyhands\app\services/../cache/sqlEasy/40d8e09789d7ac17e7889e429c21e6a1_b566e03a350e72c624cba11f9f76758d.cache
Cache válido encontrado: C:\xampp\htdocs\projects\lexyhands\app\services/../cache/sqlEasy/40d8e09789d7ac17e7889e429c21e6a1_b566e03a350e72c624cba11f9f76758d.cache
Cache válido encontrado: C:\xampp\htdocs\projects\lexyhands\app\services/../cache/sqlEasy/40d8e09789d7ac17e7889e429c21e6a1_b566e03a350e72c624cba11f9f76758d.cache
Cache válido encontrado: C:\xampp\htdocs\projects\lexyhands\app\services/../cache/sqlEasy/40d8e09789d7ac17e7889e429c21e6a1_b566e03a350e72c624cba11f9f76758d.cache
Cache válido encontrado: C:\xampp\htdocs\projects\lexyhands\app\services/../cache/sqlEasy/40d8e09789d7ac17e7889e429c21e6a1_b566e03a350e72c624cba11f9f76758d.cache
Cache válido encontrado: C:\xampp\htdocs\projects\lexyhands\app\services/../cache/site_traffic/d50bbcf3b089f3fd4caf233c72b3d990.cache
Cache salvo: C:\xampp\htdocs\projects\lexyhands\app\services/../cache/sqlEasy/25dd178a9704f91d6c82ecaafb2cc8d3_8ad4862b604f550eae64413a6b16ec2c.cache
Cache salvo: C:\xampp\htdocs\projects\lexyhands\app\services/../cache/sqlEasy/25dd178a9704f91d6c82ecaafb2cc8d3_ab523870a12f3e7b57a827faeb4a6f9e.cache
Cache salvo: C:\xampp\htdocs\projects\lexyhands\app\services/../cache/sqlEasy/26cac1f53d8e90c90e84ea502821e590_2d4649c1e5a9c7e9730120ab957750a7.cache
Cache salvo: C:\xampp\htdocs\projects\lexyhands\app\services/../cache/sqlEasy/42f152df35b4930ea8b88e9d5770ac42_af792b3724fe8d7d1015e6006ce5852b.cache
Cache salvo: C:\xampp\htdocs\projects\lexyhands\app\services/../cache/sqlEasy/25dd178a9704f91d6c82ecaafb2cc8d3_e2502150ae7e8aaa8444e5b8554c2691.cache
Cache válido encontrado: C:\xampp\htdocs\projects\lexyhands\app\services/../cache/sqlEasy/25dd178a9704f91d6c82ecaafb2cc8d3_ab523870a12f3e7b57a827faeb4a6f9e.cache
Cache válido encontrado: C:\xampp\htdocs\projects\lexyhands\app\services/../cache/sqlEasy/25dd178a9704f91d6c82ecaafb2cc8d3_ab523870a12f3e7b57a827faeb4a6f9e.cache
Cache válido encontrado: C:\xampp\htdocs\projects\lexyhands\app\services/../cache/sqlEasy/26cac1f53d8e90c90e84ea502821e590_2d4649c1e5a9c7e9730120ab957750a7.cache
Cache válido encontrado: C:\xampp\htdocs\projects\lexyhands\app\services/../cache/sqlEasy/26cac1f53d8e90c90e84ea502821e590_2d4649c1e5a9c7e9730120ab957750a7.cache
Cache válido encontrado: C:\xampp\htdocs\projects\lexyhands\app\services/../cache/sqlEasy/42f152df35b4930ea8b88e9d5770ac42_af792b3724fe8d7d1015e6006ce5852b.cache
Cache válido encontrado: C:\xampp\htdocs\projects\lexyhands\app\services/../cache/sqlEasy/42f152df35b4930ea8b88e9d5770ac42_af792b3724fe8d7d1015e6006ce5852b.cache
Cache salvo: C:\xampp\htdocs\projects\lexyhands\app\services/../cache/sqlEasy/25dd178a9704f91d6c82ecaafb2cc8d3_47a43950a89890a440598b7ebc12a734.cache
Cache salvo: C:\xampp\htdocs\projects\lexyhands\app\services/../cache/sqlEasy/42f152df35b4930ea8b88e9d5770ac42_ff65f14d67e8e0b0ab275cfe42a61aa9.cache
Cache salvo: C:\xampp\htdocs\projects\lexyhands\app\services/../cache/sqlEasy/25dd178a9704f91d6c82ecaafb2cc8d3_21cd979c46f809aefc20bfc6baec225c.cache
Cache válido encontrado: C:\xampp\htdocs\projects\lexyhands\app\services/../cache/sqlEasy/d4653d6278e29621399445c405b32369_2620528386d7a439297805759c239cca.cache
Cache válido encontrado: C:\xampp\htdocs\projects\lexyhands\app\services/../cache/sqlEasy/d4653d6278e29621399445c405b32369_2620528386d7a439297805759c239cca.cache
Cache válido encontrado: C:\xampp\htdocs\projects\lexyhands\app\services/../cache/sqlEasy/1c9af725634795207941a36774e8be19_d0df165b167152e7b9374944eefc6a49.cache
Cache válido encontrado: C:\xampp\htdocs\projects\lexyhands\app\services/../cache/sqlEasy/1c9af725634795207941a36774e8be19_d0df165b167152e7b9374944eefc6a49.cache
Cache válido encontrado: C:\xampp\htdocs\projects\lexyhands\app\services/../cache/sqlEasy/f1e0829d5c0a24be2567fac12018c426_595d1cc0ae588f3b66c6a6affae69bcc.cache
Cache válido encontrado: C:\xampp\htdocs\projects\lexyhands\app\services/../cache/sqlEasy/f1e0829d5c0a24be2567fac12018c426_595d1cc0ae588f3b66c6a6affae69bcc.cache
Cache válido encontrado: C:\xampp\htdocs\projects\lexyhands\app\services/../cache/sqlEasy/f1e0829d5c0a24be2567fac12018c426_595d1cc0ae588f3b66c6a6affae69bcc.cache
Cache válido encontrado: C:\xampp\htdocs\projects\lexyhands\app\services/../cache/sqlEasy/f1e0829d5c0a24be2567fac12018c426_595d1cc0ae588f3b66c6a6affae69bcc.cache
Cache válido encontrado: C:\xampp\htdocs\projects\lexyhands\app\services/../cache/sqlEasy/d4653d6278e29621399445c405b32369_2620528386d7a439297805759c239cca.cache
Cache válido encontrado: C:\xampp\htdocs\projects\lexyhands\app\services/../cache/sqlEasy/d4653d6278e29621399445c405b32369_2620528386d7a439297805759c239cca.cache
Cache válido encontrado: C:\xampp\htdocs\projects\lexyhands\app\services/../cache/sqlEasy/1c9af725634795207941a36774e8be19_d0df165b167152e7b9374944eefc6a49.cache
Cache válido encontrado: C:\xampp\htdocs\projects\lexyhands\app\services/../cache/sqlEasy/1c9af725634795207941a36774e8be19_d0df165b167152e7b9374944eefc6a49.cache
Cache válido encontrado: C:\xampp\htdocs\projects\lexyhands\app\services/../cache/sqlEasy/d4653d6278e29621399445c405b32369_2620528386d7a439297805759c239cca.cache
Cache válido encontrado: C:\xampp\htdocs\projects\lexyhands\app\services/../cache/sqlEasy/d4653d6278e29621399445c405b32369_2620528386d7a439297805759c239cca.cache
Cache válido encontrado: C:\xampp\htdocs\projects\lexyhands\app\services/../cache/sqlEasy/1c9af725634795207941a36774e8be19_d0df165b167152e7b9374944eefc6a49.cache
Cache válido encontrado: C:\xampp\htdocs\projects\lexyhands\app\services/../cache/sqlEasy/1c9af725634795207941a36774e8be19_d0df165b167152e7b9374944eefc6a49.cache
Cache válido encontrado: C:\xampp\htdocs\projects\lexyhands\app\services/../cache/sqlEasy/d4653d6278e29621399445c405b32369_2620528386d7a439297805759c239cca.cache
Cache válido encontrado: C:\xampp\htdocs\projects\lexyhands\app\services/../cache/sqlEasy/d4653d6278e29621399445c405b32369_2620528386d7a439297805759c239cca.cache
Cache válido encontrado: C:\xampp\htdocs\projects\lexyhands\app\services/../cache/sqlEasy/1c9af725634795207941a36774e8be19_d0df165b167152e7b9374944eefc6a49.cache
Cache válido encontrado: C:\xampp\htdocs\projects\lexyhands\app\services/../cache/sqlEasy/1c9af725634795207941a36774e8be19_d0df165b167152e7b9374944eefc6a49.cache
Cache válido encontrado: C:\xampp\htdocs\projects\lexyhands\app\services/../cache/sqlEasy/d4653d6278e29621399445c405b32369_2620528386d7a439297805759c239cca.cache
Cache válido encontrado: C:\xampp\htdocs\projects\lexyhands\app\services/../cache/sqlEasy/d4653d6278e29621399445c405b32369_2620528386d7a439297805759c239cca.cache
Cache válido encontrado: C:\xampp\htdocs\projects\lexyhands\app\services/../cache/sqlEasy/1c9af725634795207941a36774e8be19_d0df165b167152e7b9374944eefc6a49.cache
Cache válido encontrado: C:\xampp\htdocs\projects\lexyhands\app\services/../cache/sqlEasy/1c9af725634795207941a36774e8be19_d0df165b167152e7b9374944eefc6a49.cache
Cache válido encontrado: C:\xampp\htdocs\projects\lexyhands\app\services/../cache/sqlEasy/d4653d6278e29621399445c405b32369_2620528386d7a439297805759c239cca.cache
Cache válido encontrado: C:\xampp\htdocs\projects\lexyhands\app\services/../cache/sqlEasy/d4653d6278e29621399445c405b32369_2620528386d7a439297805759c239cca.cache
Cache válido encontrado: C:\xampp\htdocs\projects\lexyhands\app\services/../cache/sqlEasy/1c9af725634795207941a36774e8be19_d0df165b167152e7b9374944eefc6a49.cache
Cache válido encontrado: C:\xampp\htdocs\projects\lexyhands\app\services/../cache/sqlEasy/1c9af725634795207941a36774e8be19_d0df165b167152e7b9374944eefc6a49.cache
Cache válido encontrado: C:\xampp\htdocs\projects\lexyhands\app\services/../cache/sqlEasy/d4653d6278e29621399445c405b32369_2620528386d7a439297805759c239cca.cache
Cache válido encontrado: C:\xampp\htdocs\projects\lexyhands\app\services/../cache/sqlEasy/d4653d6278e29621399445c405b32369_2620528386d7a439297805759c239cca.cache
Cache válido encontrado: C:\xampp\htdocs\projects\lexyhands\app\services/../cache/sqlEasy/1c9af725634795207941a36774e8be19_d0df165b167152e7b9374944eefc6a49.cache
Cache válido encontrado: C:\xampp\htdocs\projects\lexyhands\app\services/../cache/sqlEasy/1c9af725634795207941a36774e8be19_d0df165b167152e7b9374944eefc6a49.cache
Cache válido encontrado: C:\xampp\htdocs\projects\lexyhands\app\services/../cache/sqlEasy/d4653d6278e29621399445c405b32369_2620528386d7a439297805759c239cca.cache
Cache válido encontrado: C:\xampp\htdocs\projects\lexyhands\app\services/../cache/sqlEasy/d4653d6278e29621399445c405b32369_2620528386d7a439297805759c239cca.cache
Cache válido encontrado: C:\xampp\htdocs\projects\lexyhands\app\services/../cache/sqlEasy/1c9af725634795207941a36774e8be19_d0df165b167152e7b9374944eefc6a49.cache
Cache válido encontrado: C:\xampp\htdocs\projects\lexyhands\app\services/../cache/sqlEasy/1c9af725634795207941a36774e8be19_d0df165b167152e7b9374944eefc6a49.cache
Cache válido encontrado: C:\xampp\htdocs\projects\lexyhands\app\services/../cache/sqlEasy/d4653d6278e29621399445c405b32369_2620528386d7a439297805759c239cca.cache
Cache válido encontrado: C:\xampp\htdocs\projects\lexyhands\app\services/../cache/sqlEasy/d4653d6278e29621399445c405b32369_2620528386d7a439297805759c239cca.cache
Cache válido encontrado: C:\xampp\htdocs\projects\lexyhands\app\services/../cache/sqlEasy/1c9af725634795207941a36774e8be19_d0df165b167152e7b9374944eefc6a49.cache
Cache válido encontrado: C:\xampp\htdocs\projects\lexyhands\app\services/../cache/sqlEasy/1c9af725634795207941a36774e8be19_d0df165b167152e7b9374944eefc6a49.cache
Cache válido encontrado: C:\xampp\htdocs\projects\lexyhands\app\services/../cache/sqlEasy/d4653d6278e29621399445c405b32369_2620528386d7a439297805759c239cca.cache
Cache válido encontrado: C:\xampp\htdocs\projects\lexyhands\app\services/../cache/sqlEasy/d4653d6278e29621399445c405b32369_2620528386d7a439297805759c239cca.cache
Cache válido encontrado: C:\xampp\htdocs\projects\lexyhands\app\services/../cache/sqlEasy/1c9af725634795207941a36774e8be19_d0df165b167152e7b9374944eefc6a49.cache
Cache válido encontrado: C:\xampp\htdocs\projects\lexyhands\app\services/../cache/sqlEasy/1c9af725634795207941a36774e8be19_d0df165b167152e7b9374944eefc6a49.cache
Cache válido encontrado: C:\xampp\htdocs\projects\lexyhands\app\services/../cache/sqlEasy/d4653d6278e29621399445c405b32369_2620528386d7a439297805759c239cca.cache
Cache válido encontrado: C:\xampp\htdocs\projects\lexyhands\app\services/../cache/sqlEasy/d4653d6278e29621399445c405b32369_2620528386d7a439297805759c239cca.cache
Cache válido encontrado: C:\xampp\htdocs\projects\lexyhands\app\services/../cache/sqlEasy/1c9af725634795207941a36774e8be19_d0df165b167152e7b9374944eefc6a49.cache
Cache válido encontrado: C:\xampp\htdocs\projects\lexyhands\app\services/../cache/sqlEasy/1c9af725634795207941a36774e8be19_d0df165b167152e7b9374944eefc6a49.cache
Cache válido encontrado: C:\xampp\htdocs\projects\lexyhands\app\services/../cache/sqlEasy/d4653d6278e29621399445c405b32369_2620528386d7a439297805759c239cca.cache
Cache válido encontrado: C:\xampp\htdocs\projects\lexyhands\app\services/../cache/sqlEasy/d4653d6278e29621399445c405b32369_2620528386d7a439297805759c239cca.cache
Cache válido encontrado: C:\xampp\htdocs\projects\lexyhands\app\services/../cache/sqlEasy/1c9af725634795207941a36774e8be19_d0df165b167152e7b9374944eefc6a49.cache
Cache válido encontrado: C:\xampp\htdocs\projects\lexyhands\app\services/../cache/sqlEasy/1c9af725634795207941a36774e8be19_d0df165b167152e7b9374944eefc6a49.cache
Cache válido encontrado: C:\xampp\htdocs\projects\lexyhands\app\services/../cache/sqlEasy/d4653d6278e29621399445c405b32369_2620528386d7a439297805759c239cca.cache
Cache válido encontrado: C:\xampp\htdocs\projects\lexyhands\app\services/../cache/sqlEasy/d4653d6278e29621399445c405b32369_2620528386d7a439297805759c239cca.cache
Cache válido encontrado: C:\xampp\htdocs\projects\lexyhands\app\services/../cache/sqlEasy/1c9af725634795207941a36774e8be19_d0df165b167152e7b9374944eefc6a49.cache
Cache válido encontrado: C:\xampp\htdocs\projects\lexyhands\app\services/../cache/sqlEasy/1c9af725634795207941a36774e8be19_d0df165b167152e7b9374944eefc6a49.cache
Cache válido encontrado: C:\xampp\htdocs\projects\lexyhands\app\services/../cache/sqlEasy/d4653d6278e29621399445c405b32369_2620528386d7a439297805759c239cca.cache
Cache válido encontrado: C:\xampp\htdocs\projects\lexyhands\app\services/../cache/sqlEasy/d4653d6278e29621399445c405b32369_2620528386d7a439297805759c239cca.cache
Cache válido encontrado: C:\xampp\htdocs\projects\lexyhands\app\services/../cache/sqlEasy/1c9af725634795207941a36774e8be19_d0df165b167152e7b9374944eefc6a49.cache
Cache válido encontrado: C:\xampp\htdocs\projects\lexyhands\app\services/../cache/sqlEasy/1c9af725634795207941a36774e8be19_d0df165b167152e7b9374944eefc6a49.cache
Cache válido encontrado: C:\xampp\htdocs\projects\lexyhands\app\services/../cache/sqlEasy/d4653d6278e29621399445c405b32369_2620528386d7a439297805759c239cca.cache
Cache válido encontrado: C:\xampp\htdocs\projects\lexyhands\app\services/../cache/sqlEasy/d4653d6278e29621399445c405b32369_2620528386d7a439297805759c239cca.cache
Cache válido encontrado: C:\xampp\htdocs\projects\lexyhands\app\services/../cache/sqlEasy/1c9af725634795207941a36774e8be19_d0df165b167152e7b9374944eefc6a49.cache
Cache válido encontrado: C:\xampp\htdocs\projects\lexyhands\app\services/../cache/sqlEasy/1c9af725634795207941a36774e8be19_d0df165b167152e7b9374944eefc6a49.cache
Cache válido encontrado: C:\xampp\htdocs\projects\lexyhands\app\services/../cache/sqlEasy/40d8e09789d7ac17e7889e429c21e6a1_b566e03a350e72c624cba11f9f76758d.cache
Cache válido encontrado: C:\xampp\htdocs\projects\lexyhands\app\services/../cache/sqlEasy/40d8e09789d7ac17e7889e429c21e6a1_b566e03a350e72c624cba11f9f76758d.cache
Cache válido encontrado: C:\xampp\htdocs\projects\lexyhands\app\services/../cache/sqlEasy/40d8e09789d7ac17e7889e429c21e6a1_b566e03a350e72c624cba11f9f76758d.cache
Cache válido encontrado: C:\xampp\htdocs\projects\lexyhands\app\services/../cache/sqlEasy/40d8e09789d7ac17e7889e429c21e6a1_b566e03a350e72c624cba11f9f76758d.cache
Cache válido encontrado: C:\xampp\htdocs\projects\lexyhands\app\services/../cache/sqlEasy/40d8e09789d7ac17e7889e429c21e6a1_b566e03a350e72c624cba11f9f76758d.cache
Cache válido encontrado: C:\xampp\htdocs\projects\lexyhands\app\services/../cache/sqlEasy/40d8e09789d7ac17e7889e429c21e6a1_b566e03a350e72c624cba11f9f76758d.cache
Cache válido encontrado: C:\xampp\htdocs\projects\lexyhands\app\services/../cache/sqlEasy/40d8e09789d7ac17e7889e429c21e6a1_b566e03a350e72c624cba11f9f76758d.cache
Cache válido encontrado: C:\xampp\htdocs\projects\lexyhands\app\services/../cache/sqlEasy/40d8e09789d7ac17e7889e429c21e6a1_b566e03a350e72c624cba11f9f76758d.cache
Cache válido encontrado: C:\xampp\htdocs\projects\lexyhands\app\services/../cache/sqlEasy/40d8e09789d7ac17e7889e429c21e6a1_b566e03a350e72c624cba11f9f76758d.cache
Cache válido encontrado: C:\xampp\htdocs\projects\lexyhands\app\services/../cache/sqlEasy/40d8e09789d7ac17e7889e429c21e6a1_b566e03a350e72c624cba11f9f76758d.cache
Cache válido encontrado: C:\xampp\htdocs\projects\lexyhands\app\services/../cache/sqlEasy/40d8e09789d7ac17e7889e429c21e6a1_b566e03a350e72c624cba11f9f76758d.cache
Cache válido encontrado: C:\xampp\htdocs\projects\lexyhands\app\services/../cache/sqlEasy/40d8e09789d7ac17e7889e429c21e6a1_b566e03a350e72c624cba11f9f76758d.cache
Cache válido encontrado: C:\xampp\htdocs\projects\lexyhands\app\services/../cache/sqlEasy/40d8e09789d7ac17e7889e429c21e6a1_b566e03a350e72c624cba11f9f76758d.cache
Cache válido encontrado: C:\xampp\htdocs\projects\lexyhands\app\services/../cache/sqlEasy/40d8e09789d7ac17e7889e429c21e6a1_b566e03a350e72c624cba11f9f76758d.cache
Cache válido encontrado: C:\xampp\htdocs\projects\lexyhands\app\services/../cache/sqlEasy/40d8e09789d7ac17e7889e429c21e6a1_b566e03a350e72c624cba11f9f76758d.cache
Cache válido encontrado: C:\xampp\htdocs\projects\lexyhands\app\services/../cache/sqlEasy/40d8e09789d7ac17e7889e429c21e6a1_b566e03a350e72c624cba11f9f76758d.cache
Cache válido encontrado: C:\xampp\htdocs\projects\lexyhands\app\services/../cache/sqlEasy/40d8e09789d7ac17e7889e429c21e6a1_b566e03a350e72c624cba11f9f76758d.cache
Cache válido encontrado: C:\xampp\htdocs\projects\lexyhands\app\services/../cache/sqlEasy/40d8e09789d7ac17e7889e429c21e6a1_b566e03a350e72c624cba11f9f76758d.cache
Cache válido encontrado: C:\xampp\htdocs\projects\lexyhands\app\services/../cache/sqlEasy/40d8e09789d7ac17e7889e429c21e6a1_b566e03a350e72c624cba11f9f76758d.cache
Cache válido encontrado: C:\xampp\htdocs\projects\lexyhands\app\services/../cache/sqlEasy/40d8e09789d7ac17e7889e429c21e6a1_b566e03a350e72c624cba11f9f76758d.cache
Cache válido encontrado: C:\xampp\htdocs\projects\lexyhands\app\services/../cache/sqlEasy/40d8e09789d7ac17e7889e429c21e6a1_b566e03a350e72c624cba11f9f76758d.cache
Cache válido encontrado: C:\xampp\htdocs\projects\lexyhands\app\services/../cache/sqlEasy/40d8e09789d7ac17e7889e429c21e6a1_b566e03a350e72c624cba11f9f76758d.cache
Cache válido encontrado: C:\xampp\htdocs\projects\lexyhands\app\services/../cache/sqlEasy/40d8e09789d7ac17e7889e429c21e6a1_b566e03a350e72c624cba11f9f76758d.cache
Cache válido encontrado: C:\xampp\htdocs\projects\lexyhands\app\services/../cache/sqlEasy/40d8e09789d7ac17e7889e429c21e6a1_b566e03a350e72c624cba11f9f76758d.cache
Cache válido encontrado: C:\xampp\htdocs\projects\lexyhands\app\services/../cache/sqlEasy/40d8e09789d7ac17e7889e429c21e6a1_b566e03a350e72c624cba11f9f76758d.cache
Cache válido encontrado: C:\xampp\htdocs\projects\lexyhands\app\services/../cache/sqlEasy/40d8e09789d7ac17e7889e429c21e6a1_b566e03a350e72c624cba11f9f76758d.cache
Cache válido encontrado: C:\xampp\htdocs\projects\lexyhands\app\services/../cache/sqlEasy/40d8e09789d7ac17e7889e429c21e6a1_b566e03a350e72c624cba11f9f76758d.cache
Cache válido encontrado: C:\xampp\htdocs\projects\lexyhands\app\services/../cache/sqlEasy/40d8e09789d7ac17e7889e429c21e6a1_b566e03a350e72c624cba11f9f76758d.cache
Cache válido encontrado: C:\xampp\htdocs\projects\lexyhands\app\services/../cache/sqlEasy/40d8e09789d7ac17e7889e429c21e6a1_b566e03a350e72c624cba11f9f76758d.cache
Cache válido encontrado: C:\xampp\htdocs\projects\lexyhands\app\services/../cache/sqlEasy/40d8e09789d7ac17e7889e429c21e6a1_b566e03a350e72c624cba11f9f76758d.cache
Cache válido encontrado: C:\xampp\htdocs\projects\lexyhands\app\services/../cache/sqlEasy/40d8e09789d7ac17e7889e429c21e6a1_b566e03a350e72c624cba11f9f76758d.cache
Cache válido encontrado: C:\xampp\htdocs\projects\lexyhands\app\services/../cache/sqlEasy/40d8e09789d7ac17e7889e429c21e6a1_b566e03a350e72c624cba11f9f76758d.cache
Cache válido encontrado: C:\xampp\htdocs\projects\lexyhands\app\services/../cache/sqlEasy/d4653d6278e29621399445c405b32369_2620528386d7a439297805759c239cca.cache
Cache válido encontrado: C:\xampp\htdocs\projects\lexyhands\app\services/../cache/sqlEasy/d4653d6278e29621399445c405b32369_2620528386d7a439297805759c239cca.cache
Cache válido encontrado: C:\xampp\htdocs\projects\lexyhands\app\services/../cache/sqlEasy/1c9af725634795207941a36774e8be19_d0df165b167152e7b9374944eefc6a49.cache
Cache válido encontrado: C:\xampp\htdocs\projects\lexyhands\app\services/../cache/sqlEasy/1c9af725634795207941a36774e8be19_d0df165b167152e7b9374944eefc6a49.cache
Cache válido encontrado: C:\xampp\htdocs\projects\lexyhands\app\services/../cache/sqlEasy/f1e0829d5c0a24be2567fac12018c426_595d1cc0ae588f3b66c6a6affae69bcc.cache
Cache válido encontrado: C:\xampp\htdocs\projects\lexyhands\app\services/../cache/sqlEasy/f1e0829d5c0a24be2567fac12018c426_595d1cc0ae588f3b66c6a6affae69bcc.cache
Cache válido encontrado: C:\xampp\htdocs\projects\lexyhands\app\services/../cache/sqlEasy/40d8e09789d7ac17e7889e429c21e6a1_b566e03a350e72c624cba11f9f76758d.cache
Cache válido encontrado: C:\xampp\htdocs\projects\lexyhands\app\services/../cache/sqlEasy/40d8e09789d7ac17e7889e429c21e6a1_b566e03a350e72c624cba11f9f76758d.cache
Cache válido encontrado: C:\xampp\htdocs\projects\lexyhands\app\services/../cache/sqlEasy/40d8e09789d7ac17e7889e429c21e6a1_b566e03a350e72c624cba11f9f76758d.cache
Cache válido encontrado: C:\xampp\htdocs\projects\lexyhands\app\services/../cache/sqlEasy/40d8e09789d7ac17e7889e429c21e6a1_b566e03a350e72c624cba11f9f76758d.cache
Cache válido encontrado: C:\xampp\htdocs\projects\lexyhands\app\services/../cache/sqlEasy/40d8e09789d7ac17e7889e429c21e6a1_b566e03a350e72c624cba11f9f76758d.cache
Cache válido encontrado: C:\xampp\htdocs\projects\lexyhands\app\services/../cache/sqlEasy/40d8e09789d7ac17e7889e429c21e6a1_b566e03a350e72c624cba11f9f76758d.cache
Cache válido encontrado: C:\xampp\htdocs\projects\lexyhands\app\services/../cache/sqlEasy/d4653d6278e29621399445c405b32369_2620528386d7a439297805759c239cca.cache
Cache válido encontrado: C:\xampp\htdocs\projects\lexyhands\app\services/../cache/sqlEasy/d4653d6278e29621399445c405b32369_2620528386d7a439297805759c239cca.cache
Cache válido encontrado: C:\xampp\htdocs\projects\lexyhands\app\services/../cache/sqlEasy/1c9af725634795207941a36774e8be19_d0df165b167152e7b9374944eefc6a49.cache
Cache válido encontrado: C:\xampp\htdocs\projects\lexyhands\app\services/../cache/sqlEasy/1c9af725634795207941a36774e8be19_d0df165b167152e7b9374944eefc6a49.cache
Cache válido encontrado: C:\xampp\htdocs\projects\lexyhands\app\services/../cache/sqlEasy/f1e0829d5c0a24be2567fac12018c426_595d1cc0ae588f3b66c6a6affae69bcc.cache
Cache válido encontrado: C:\xampp\htdocs\projects\lexyhands\app\services/../cache/sqlEasy/f1e0829d5c0a24be2567fac12018c426_595d1cc0ae588f3b66c6a6affae69bcc.cache
Cache válido encontrado: C:\xampp\htdocs\projects\lexyhands\app\services/../cache/sqlEasy/40d8e09789d7ac17e7889e429c21e6a1_b566e03a350e72c624cba11f9f76758d.cache
Cache válido encontrado: C:\xampp\htdocs\projects\lexyhands\app\services/../cache/sqlEasy/40d8e09789d7ac17e7889e429c21e6a1_b566e03a350e72c624cba11f9f76758d.cache
Cache válido encontrado: C:\xampp\htdocs\projects\lexyhands\app\services/../cache/sqlEasy/40d8e09789d7ac17e7889e429c21e6a1_b566e03a350e72c624cba11f9f76758d.cache
Cache válido encontrado: C:\xampp\htdocs\projects\lexyhands\app\services/../cache/sqlEasy/40d8e09789d7ac17e7889e429c21e6a1_b566e03a350e72c624cba11f9f76758d.cache
Cache válido encontrado: C:\xampp\htdocs\projects\lexyhands\app\services/../cache/sqlEasy/40d8e09789d7ac17e7889e429c21e6a1_b566e03a350e72c624cba11f9f76758d.cache
Cache válido encontrado: C:\xampp\htdocs\projects\lexyhands\app\services/../cache/sqlEasy/40d8e09789d7ac17e7889e429c21e6a1_b566e03a350e72c624cba11f9f76758d.cache
Cache válido encontrado: C:\xampp\htdocs\projects\lexyhands\app\services/../cache/sqlEasy/d4653d6278e29621399445c405b32369_2620528386d7a439297805759c239cca.cache
Cache válido encontrado: C:\xampp\htdocs\projects\lexyhands\app\services/../cache/sqlEasy/d4653d6278e29621399445c405b32369_2620528386d7a439297805759c239cca.cache
Cache válido encontrado: C:\xampp\htdocs\projects\lexyhands\app\services/../cache/sqlEasy/1c9af725634795207941a36774e8be19_d0df165b167152e7b9374944eefc6a49.cache
Cache válido encontrado: C:\xampp\htdocs\projects\lexyhands\app\services/../cache/sqlEasy/1c9af725634795207941a36774e8be19_d0df165b167152e7b9374944eefc6a49.cache
Cache válido encontrado: C:\xampp\htdocs\projects\lexyhands\app\services/../cache/sqlEasy/f1e0829d5c0a24be2567fac12018c426_595d1cc0ae588f3b66c6a6affae69bcc.cache
Cache válido encontrado: C:\xampp\htdocs\projects\lexyhands\app\services/../cache/sqlEasy/f1e0829d5c0a24be2567fac12018c426_595d1cc0ae588f3b66c6a6affae69bcc.cache
Cache válido encontrado: C:\xampp\htdocs\projects\lexyhands\app\services/../cache/sqlEasy/40d8e09789d7ac17e7889e429c21e6a1_b566e03a350e72c624cba11f9f76758d.cache
Cache válido encontrado: C:\xampp\htdocs\projects\lexyhands\app\services/../cache/sqlEasy/40d8e09789d7ac17e7889e429c21e6a1_b566e03a350e72c624cba11f9f76758d.cache
Cache válido encontrado: C:\xampp\htdocs\projects\lexyhands\app\services/../cache/sqlEasy/40d8e09789d7ac17e7889e429c21e6a1_b566e03a350e72c624cba11f9f76758d.cache
Cache válido encontrado: C:\xampp\htdocs\projects\lexyhands\app\services/../cache/sqlEasy/40d8e09789d7ac17e7889e429c21e6a1_b566e03a350e72c624cba11f9f76758d.cache
Cache válido encontrado: C:\xampp\htdocs\projects\lexyhands\app\services/../cache/sqlEasy/40d8e09789d7ac17e7889e429c21e6a1_b566e03a350e72c624cba11f9f76758d.cache
Cache válido encontrado: C:\xampp\htdocs\projects\lexyhands\app\services/../cache/sqlEasy/40d8e09789d7ac17e7889e429c21e6a1_b566e03a350e72c624cba11f9f76758d.cache
Cache válido encontrado: C:\xampp\htdocs\projects\lexyhands\app\services/../cache/sqlEasy/d4653d6278e29621399445c405b32369_2620528386d7a439297805759c239cca.cache
Cache válido encontrado: C:\xampp\htdocs\projects\lexyhands\app\services/../cache/sqlEasy/d4653d6278e29621399445c405b32369_2620528386d7a439297805759c239cca.cache
Cache válido encontrado: C:\xampp\htdocs\projects\lexyhands\app\services/../cache/sqlEasy/1c9af725634795207941a36774e8be19_d0df165b167152e7b9374944eefc6a49.cache
Cache válido encontrado: C:\xampp\htdocs\projects\lexyhands\app\services/../cache/sqlEasy/1c9af725634795207941a36774e8be19_d0df165b167152e7b9374944eefc6a49.cache
Cache válido encontrado: C:\xampp\htdocs\projects\lexyhands\app\services/../cache/sqlEasy/f1e0829d5c0a24be2567fac12018c426_595d1cc0ae588f3b66c6a6affae69bcc.cache
Cache válido encontrado: C:\xampp\htdocs\projects\lexyhands\app\services/../cache/sqlEasy/f1e0829d5c0a24be2567fac12018c426_595d1cc0ae588f3b66c6a6affae69bcc.cache
Cache válido encontrado: C:\xampp\htdocs\projects\lexyhands\app\services/../cache/sqlEasy/40d8e09789d7ac17e7889e429c21e6a1_b566e03a350e72c624cba11f9f76758d.cache
Cache válido encontrado: C:\xampp\htdocs\projects\lexyhands\app\services/../cache/sqlEasy/40d8e09789d7ac17e7889e429c21e6a1_b566e03a350e72c624cba11f9f76758d.cache
Cache válido encontrado: C:\xampp\htdocs\projects\lexyhands\app\services/../cache/sqlEasy/40d8e09789d7ac17e7889e429c21e6a1_b566e03a350e72c624cba11f9f76758d.cache
Cache válido encontrado: C:\xampp\htdocs\projects\lexyhands\app\services/../cache/sqlEasy/40d8e09789d7ac17e7889e429c21e6a1_b566e03a350e72c624cba11f9f76758d.cache
Cache válido encontrado: C:\xampp\htdocs\projects\lexyhands\app\services/../cache/sqlEasy/40d8e09789d7ac17e7889e429c21e6a1_b566e03a350e72c624cba11f9f76758d.cache
Cache válido encontrado: C:\xampp\htdocs\projects\lexyhands\app\services/../cache/sqlEasy/40d8e09789d7ac17e7889e429c21e6a1_b566e03a350e72c624cba11f9f76758d.cache
Cache válido encontrado: C:\xampp\htdocs\projects\lexyhands\app\services/../cache/sqlEasy/d4653d6278e29621399445c405b32369_2620528386d7a439297805759c239cca.cache
Cache válido encontrado: C:\xampp\htdocs\projects\lexyhands\app\services/../cache/sqlEasy/d4653d6278e29621399445c405b32369_2620528386d7a439297805759c239cca.cache
Cache válido encontrado: C:\xampp\htdocs\projects\lexyhands\app\services/../cache/sqlEasy/1c9af725634795207941a36774e8be19_d0df165b167152e7b9374944eefc6a49.cache
Cache válido encontrado: C:\xampp\htdocs\projects\lexyhands\app\services/../cache/sqlEasy/1c9af725634795207941a36774e8be19_d0df165b167152e7b9374944eefc6a49.cache
Cache válido encontrado: C:\xampp\htdocs\projects\lexyhands\app\services/../cache/sqlEasy/f1e0829d5c0a24be2567fac12018c426_595d1cc0ae588f3b66c6a6affae69bcc.cache
Cache válido encontrado: C:\xampp\htdocs\projects\lexyhands\app\services/../cache/sqlEasy/f1e0829d5c0a24be2567fac12018c426_595d1cc0ae588f3b66c6a6affae69bcc.cache
Cache válido encontrado: C:\xampp\htdocs\projects\lexyhands\app\services/../cache/sqlEasy/40d8e09789d7ac17e7889e429c21e6a1_b566e03a350e72c624cba11f9f76758d.cache
Cache válido encontrado: C:\xampp\htdocs\projects\lexyhands\app\services/../cache/sqlEasy/40d8e09789d7ac17e7889e429c21e6a1_b566e03a350e72c624cba11f9f76758d.cache
Cache válido encontrado: C:\xampp\htdocs\projects\lexyhands\app\services/../cache/sqlEasy/40d8e09789d7ac17e7889e429c21e6a1_b566e03a350e72c624cba11f9f76758d.cache
Cache válido encontrado: C:\xampp\htdocs\projects\lexyhands\app\services/../cache/sqlEasy/40d8e09789d7ac17e7889e429c21e6a1_b566e03a350e72c624cba11f9f76758d.cache
Cache válido encontrado: C:\xampp\htdocs\projects\lexyhands\app\services/../cache/sqlEasy/40d8e09789d7ac17e7889e429c21e6a1_b566e03a350e72c624cba11f9f76758d.cache
Cache válido encontrado: C:\xampp\htdocs\projects\lexyhands\app\services/../cache/sqlEasy/40d8e09789d7ac17e7889e429c21e6a1_b566e03a350e72c624cba11f9f76758d.cache
Cache salvo: C:\xampp\htdocs\projects\lexyhands\app\services/../cache/sqlEasy/25dd178a9704f91d6c82ecaafb2cc8d3_8e3abc27354855f7ebb2873a72e50a8a.cache
Cache válido encontrado: C:\xampp\htdocs\projects\lexyhands\app\services/../cache/sqlEasy/d4653d6278e29621399445c405b32369_2620528386d7a439297805759c239cca.cache
Cache válido encontrado: C:\xampp\htdocs\projects\lexyhands\app\services/../cache/sqlEasy/d4653d6278e29621399445c405b32369_2620528386d7a439297805759c239cca.cache
Cache válido encontrado: C:\xampp\htdocs\projects\lexyhands\app\services/../cache/sqlEasy/1c9af725634795207941a36774e8be19_d0df165b167152e7b9374944eefc6a49.cache
Cache válido encontrado: C:\xampp\htdocs\projects\lexyhands\app\services/../cache/sqlEasy/1c9af725634795207941a36774e8be19_d0df165b167152e7b9374944eefc6a49.cache
Cache válido encontrado: C:\xampp\htdocs\projects\lexyhands\app\services/../cache/sqlEasy/f1e0829d5c0a24be2567fac12018c426_595d1cc0ae588f3b66c6a6affae69bcc.cache
Cache válido encontrado: C:\xampp\htdocs\projects\lexyhands\app\services/../cache/sqlEasy/f1e0829d5c0a24be2567fac12018c426_595d1cc0ae588f3b66c6a6affae69bcc.cache
Cache válido encontrado: C:\xampp\htdocs\projects\lexyhands\app\services/../cache/sqlEasy/42f152df35b4930ea8b88e9d5770ac42_af792b3724fe8d7d1015e6006ce5852b.cache
Cache válido encontrado: C:\xampp\htdocs\projects\lexyhands\app\services/../cache/sqlEasy/42f152df35b4930ea8b88e9d5770ac42_af792b3724fe8d7d1015e6006ce5852b.cache
Cache válido encontrado: C:\xampp\htdocs\projects\lexyhands\app\services/../cache/sqlEasy/d4653d6278e29621399445c405b32369_2620528386d7a439297805759c239cca.cache
Cache válido encontrado: C:\xampp\htdocs\projects\lexyhands\app\services/../cache/sqlEasy/d4653d6278e29621399445c405b32369_2620528386d7a439297805759c239cca.cache
Cache válido encontrado: C:\xampp\htdocs\projects\lexyhands\app\services/../cache/sqlEasy/1c9af725634795207941a36774e8be19_d0df165b167152e7b9374944eefc6a49.cache
Cache válido encontrado: C:\xampp\htdocs\projects\lexyhands\app\services/../cache/sqlEasy/1c9af725634795207941a36774e8be19_d0df165b167152e7b9374944eefc6a49.cache
Cache válido encontrado: C:\xampp\htdocs\projects\lexyhands\app\services/../cache/sqlEasy/42f152df35b4930ea8b88e9d5770ac42_85ddb0aa084a6bb147211230a6457cbc.cache
Cache válido encontrado: C:\xampp\htdocs\projects\lexyhands\app\services/../cache/sqlEasy/42f152df35b4930ea8b88e9d5770ac42_85ddb0aa084a6bb147211230a6457cbc.cache
Cache válido encontrado: C:\xampp\htdocs\projects\lexyhands\app\services/../cache/sqlEasy/d4653d6278e29621399445c405b32369_2620528386d7a439297805759c239cca.cache
Cache válido encontrado: C:\xampp\htdocs\projects\lexyhands\app\services/../cache/sqlEasy/d4653d6278e29621399445c405b32369_2620528386d7a439297805759c239cca.cache
Cache válido encontrado: C:\xampp\htdocs\projects\lexyhands\app\services/../cache/sqlEasy/1c9af725634795207941a36774e8be19_d0df165b167152e7b9374944eefc6a49.cache
Cache válido encontrado: C:\xampp\htdocs\projects\lexyhands\app\services/../cache/sqlEasy/1c9af725634795207941a36774e8be19_d0df165b167152e7b9374944eefc6a49.cache
Cache válido encontrado: C:\xampp\htdocs\projects\lexyhands\app\services/../cache/sqlEasy/42f152df35b4930ea8b88e9d5770ac42_85ddb0aa084a6bb147211230a6457cbc.cache
Cache válido encontrado: C:\xampp\htdocs\projects\lexyhands\app\services/../cache/sqlEasy/42f152df35b4930ea8b88e9d5770ac42_85ddb0aa084a6bb147211230a6457cbc.cache
Cache válido encontrado: C:\xampp\htdocs\projects\lexyhands\app\services/../cache/sqlEasy/d4653d6278e29621399445c405b32369_2620528386d7a439297805759c239cca.cache
Cache válido encontrado: C:\xampp\htdocs\projects\lexyhands\app\services/../cache/sqlEasy/d4653d6278e29621399445c405b32369_2620528386d7a439297805759c239cca.cache
Cache válido encontrado: C:\xampp\htdocs\projects\lexyhands\app\services/../cache/sqlEasy/1c9af725634795207941a36774e8be19_d0df165b167152e7b9374944eefc6a49.cache
Cache válido encontrado: C:\xampp\htdocs\projects\lexyhands\app\services/../cache/sqlEasy/1c9af725634795207941a36774e8be19_d0df165b167152e7b9374944eefc6a49.cache
Cache válido encontrado: C:\xampp\htdocs\projects\lexyhands\app\services/../cache/sqlEasy/42f152df35b4930ea8b88e9d5770ac42_85ddb0aa084a6bb147211230a6457cbc.cache
Cache válido encontrado: C:\xampp\htdocs\projects\lexyhands\app\services/../cache/sqlEasy/42f152df35b4930ea8b88e9d5770ac42_85ddb0aa084a6bb147211230a6457cbc.cache
Cache válido encontrado: C:\xampp\htdocs\projects\lexyhands\app\services/../cache/sqlEasy/d4653d6278e29621399445c405b32369_2620528386d7a439297805759c239cca.cache
Cache válido encontrado: C:\xampp\htdocs\projects\lexyhands\app\services/../cache/sqlEasy/d4653d6278e29621399445c405b32369_2620528386d7a439297805759c239cca.cache
Cache válido encontrado: C:\xampp\htdocs\projects\lexyhands\app\services/../cache/sqlEasy/1c9af725634795207941a36774e8be19_d0df165b167152e7b9374944eefc6a49.cache
Cache válido encontrado: C:\xampp\htdocs\projects\lexyhands\app\services/../cache/sqlEasy/1c9af725634795207941a36774e8be19_d0df165b167152e7b9374944eefc6a49.cache
Cache válido encontrado: C:\xampp\htdocs\projects\lexyhands\app\services/../cache/sqlEasy/40d8e09789d7ac17e7889e429c21e6a1_b566e03a350e72c624cba11f9f76758d.cache
Cache válido encontrado: C:\xampp\htdocs\projects\lexyhands\app\services/../cache/sqlEasy/40d8e09789d7ac17e7889e429c21e6a1_b566e03a350e72c624cba11f9f76758d.cache
Cache válido encontrado: C:\xampp\htdocs\projects\lexyhands\app\services/../cache/sqlEasy/40d8e09789d7ac17e7889e429c21e6a1_b566e03a350e72c624cba11f9f76758d.cache
Cache válido encontrado: C:\xampp\htdocs\projects\lexyhands\app\services/../cache/sqlEasy/40d8e09789d7ac17e7889e429c21e6a1_b566e03a350e72c624cba11f9f76758d.cache
Cache válido encontrado: C:\xampp\htdocs\projects\lexyhands\app\services/../cache/sqlEasy/40d8e09789d7ac17e7889e429c21e6a1_b566e03a350e72c624cba11f9f76758d.cache
Cache válido encontrado: C:\xampp\htdocs\projects\lexyhands\app\services/../cache/sqlEasy/40d8e09789d7ac17e7889e429c21e6a1_b566e03a350e72c624cba11f9f76758d.cache
Cache válido encontrado: C:\xampp\htdocs\projects\lexyhands\app\services/../cache/sqlEasy/d4653d6278e29621399445c405b32369_2620528386d7a439297805759c239cca.cache
Cache válido encontrado: C:\xampp\htdocs\projects\lexyhands\app\services/../cache/sqlEasy/d4653d6278e29621399445c405b32369_2620528386d7a439297805759c239cca.cache
Cache válido encontrado: C:\xampp\htdocs\projects\lexyhands\app\services/../cache/sqlEasy/1c9af725634795207941a36774e8be19_d0df165b167152e7b9374944eefc6a49.cache
Cache válido encontrado: C:\xampp\htdocs\projects\lexyhands\app\services/../cache/sqlEasy/1c9af725634795207941a36774e8be19_d0df165b167152e7b9374944eefc6a49.cache
Cache válido encontrado: C:\xampp\htdocs\projects\lexyhands\app\services/../cache/sqlEasy/f1e0829d5c0a24be2567fac12018c426_595d1cc0ae588f3b66c6a6affae69bcc.cache
Cache válido encontrado: C:\xampp\htdocs\projects\lexyhands\app\services/../cache/sqlEasy/f1e0829d5c0a24be2567fac12018c426_595d1cc0ae588f3b66c6a6affae69bcc.cache
Cache válido encontrado: C:\xampp\htdocs\projects\lexyhands\app\services/../cache/sqlEasy/40d8e09789d7ac17e7889e429c21e6a1_b566e03a350e72c624cba11f9f76758d.cache
Cache válido encontrado: C:\xampp\htdocs\projects\lexyhands\app\services/../cache/sqlEasy/40d8e09789d7ac17e7889e429c21e6a1_b566e03a350e72c624cba11f9f76758d.cache
Cache válido encontrado: C:\xampp\htdocs\projects\lexyhands\app\services/../cache/sqlEasy/40d8e09789d7ac17e7889e429c21e6a1_b566e03a350e72c624cba11f9f76758d.cache
Cache válido encontrado: C:\xampp\htdocs\projects\lexyhands\app\services/../cache/sqlEasy/40d8e09789d7ac17e7889e429c21e6a1_b566e03a350e72c624cba11f9f76758d.cache
Cache válido encontrado: C:\xampp\htdocs\projects\lexyhands\app\services/../cache/sqlEasy/40d8e09789d7ac17e7889e429c21e6a1_b566e03a350e72c624cba11f9f76758d.cache
Cache válido encontrado: C:\xampp\htdocs\projects\lexyhands\app\services/../cache/sqlEasy/40d8e09789d7ac17e7889e429c21e6a1_b566e03a350e72c624cba11f9f76758d.cache
Cache válido encontrado: C:\xampp\htdocs\projects\lexyhands\app\services/../cache/sqlEasy/d4653d6278e29621399445c405b32369_2620528386d7a439297805759c239cca.cache
Cache válido encontrado: C:\xampp\htdocs\projects\lexyhands\app\services/../cache/sqlEasy/d4653d6278e29621399445c405b32369_2620528386d7a439297805759c239cca.cache
Cache válido encontrado: C:\xampp\htdocs\projects\lexyhands\app\services/../cache/sqlEasy/1c9af725634795207941a36774e8be19_d0df165b167152e7b9374944eefc6a49.cache
Cache válido encontrado: C:\xampp\htdocs\projects\lexyhands\app\services/../cache/sqlEasy/1c9af725634795207941a36774e8be19_d0df165b167152e7b9374944eefc6a49.cache
Cache válido encontrado: C:\xampp\htdocs\projects\lexyhands\app\services/../cache/sqlEasy/f1e0829d5c0a24be2567fac12018c426_595d1cc0ae588f3b66c6a6affae69bcc.cache
Cache válido encontrado: C:\xampp\htdocs\projects\lexyhands\app\services/../cache/sqlEasy/f1e0829d5c0a24be2567fac12018c426_595d1cc0ae588f3b66c6a6affae69bcc.cache
Cache válido encontrado: C:\xampp\htdocs\projects\lexyhands\app\services/../cache/sqlEasy/40d8e09789d7ac17e7889e429c21e6a1_b566e03a350e72c624cba11f9f76758d.cache
Cache válido encontrado: C:\xampp\htdocs\projects\lexyhands\app\services/../cache/sqlEasy/40d8e09789d7ac17e7889e429c21e6a1_b566e03a350e72c624cba11f9f76758d.cache
Cache válido encontrado: C:\xampp\htdocs\projects\lexyhands\app\services/../cache/sqlEasy/40d8e09789d7ac17e7889e429c21e6a1_b566e03a350e72c624cba11f9f76758d.cache
Cache válido encontrado: C:\xampp\htdocs\projects\lexyhands\app\services/../cache/sqlEasy/40d8e09789d7ac17e7889e429c21e6a1_b566e03a350e72c624cba11f9f76758d.cache
Cache válido encontrado: C:\xampp\htdocs\projects\lexyhands\app\services/../cache/sqlEasy/40d8e09789d7ac17e7889e429c21e6a1_b566e03a350e72c624cba11f9f76758d.cache
Cache válido encontrado: C:\xampp\htdocs\projects\lexyhands\app\services/../cache/sqlEasy/40d8e09789d7ac17e7889e429c21e6a1_b566e03a350e72c624cba11f9f76758d.cache
Cache válido encontrado: C:\xampp\htdocs\projects\lexyhands\app\services/../cache/sqlEasy/d4653d6278e29621399445c405b32369_2620528386d7a439297805759c239cca.cache
Cache válido encontrado: C:\xampp\htdocs\projects\lexyhands\app\services/../cache/sqlEasy/d4653d6278e29621399445c405b32369_2620528386d7a439297805759c239cca.cache
Cache válido encontrado: C:\xampp\htdocs\projects\lexyhands\app\services/../cache/sqlEasy/1c9af725634795207941a36774e8be19_d0df165b167152e7b9374944eefc6a49.cache
Cache válido encontrado: C:\xampp\htdocs\projects\lexyhands\app\services/../cache/sqlEasy/1c9af725634795207941a36774e8be19_d0df165b167152e7b9374944eefc6a49.cache
Cache válido encontrado: C:\xampp\htdocs\projects\lexyhands\app\services/../cache/sqlEasy/f1e0829d5c0a24be2567fac12018c426_595d1cc0ae588f3b66c6a6affae69bcc.cache
Cache válido encontrado: C:\xampp\htdocs\projects\lexyhands\app\services/../cache/sqlEasy/f1e0829d5c0a24be2567fac12018c426_595d1cc0ae588f3b66c6a6affae69bcc.cache
Cache válido encontrado: C:\xampp\htdocs\projects\lexyhands\app\services/../cache/sqlEasy/40d8e09789d7ac17e7889e429c21e6a1_b566e03a350e72c624cba11f9f76758d.cache
Cache válido encontrado: C:\xampp\htdocs\projects\lexyhands\app\services/../cache/sqlEasy/40d8e09789d7ac17e7889e429c21e6a1_b566e03a350e72c624cba11f9f76758d.cache
Cache válido encontrado: C:\xampp\htdocs\projects\lexyhands\app\services/../cache/sqlEasy/40d8e09789d7ac17e7889e429c21e6a1_b566e03a350e72c624cba11f9f76758d.cache
Cache válido encontrado: C:\xampp\htdocs\projects\lexyhands\app\services/../cache/sqlEasy/40d8e09789d7ac17e7889e429c21e6a1_b566e03a350e72c624cba11f9f76758d.cache
Cache válido encontrado: C:\xampp\htdocs\projects\lexyhands\app\services/../cache/sqlEasy/40d8e09789d7ac17e7889e429c21e6a1_b566e03a350e72c624cba11f9f76758d.cache
Cache válido encontrado: C:\xampp\htdocs\projects\lexyhands\app\services/../cache/sqlEasy/40d8e09789d7ac17e7889e429c21e6a1_b566e03a350e72c624cba11f9f76758d.cache
Cache válido encontrado: C:\xampp\htdocs\projects\lexyhands\app\services/../cache/sqlEasy/d4653d6278e29621399445c405b32369_2620528386d7a439297805759c239cca.cache
Cache válido encontrado: C:\xampp\htdocs\projects\lexyhands\app\services/../cache/sqlEasy/d4653d6278e29621399445c405b32369_2620528386d7a439297805759c239cca.cache
Cache válido encontrado: C:\xampp\htdocs\projects\lexyhands\app\services/../cache/sqlEasy/1c9af725634795207941a36774e8be19_d0df165b167152e7b9374944eefc6a49.cache
Cache válido encontrado: C:\xampp\htdocs\projects\lexyhands\app\services/../cache/sqlEasy/1c9af725634795207941a36774e8be19_d0df165b167152e7b9374944eefc6a49.cache
Cache válido encontrado: C:\xampp\htdocs\projects\lexyhands\app\services/../cache/sqlEasy/f1e0829d5c0a24be2567fac12018c426_595d1cc0ae588f3b66c6a6affae69bcc.cache
Cache válido encontrado: C:\xampp\htdocs\projects\lexyhands\app\services/../cache/sqlEasy/f1e0829d5c0a24be2567fac12018c426_595d1cc0ae588f3b66c6a6affae69bcc.cache
Cache válido encontrado: C:\xampp\htdocs\projects\lexyhands\app\services/../cache/sqlEasy/40d8e09789d7ac17e7889e429c21e6a1_b566e03a350e72c624cba11f9f76758d.cache
Cache válido encontrado: C:\xampp\htdocs\projects\lexyhands\app\services/../cache/sqlEasy/40d8e09789d7ac17e7889e429c21e6a1_b566e03a350e72c624cba11f9f76758d.cache
Cache válido encontrado: C:\xampp\htdocs\projects\lexyhands\app\services/../cache/sqlEasy/40d8e09789d7ac17e7889e429c21e6a1_b566e03a350e72c624cba11f9f76758d.cache
Cache válido encontrado: C:\xampp\htdocs\projects\lexyhands\app\services/../cache/sqlEasy/40d8e09789d7ac17e7889e429c21e6a1_b566e03a350e72c624cba11f9f76758d.cache
Cache válido encontrado: C:\xampp\htdocs\projects\lexyhands\app\services/../cache/sqlEasy/40d8e09789d7ac17e7889e429c21e6a1_b566e03a350e72c624cba11f9f76758d.cache
Cache válido encontrado: C:\xampp\htdocs\projects\lexyhands\app\services/../cache/sqlEasy/40d8e09789d7ac17e7889e429c21e6a1_b566e03a350e72c624cba11f9f76758d.cache
Cache salvo: C:\xampp\htdocs\projects\lexyhands\app\services/../cache/sqlEasy/0961a9966c52500c08aaef20bdb5ba3b_cfdf4240c64429f9383a9c24c4b89b93.cache
Cache salvo: C:\xampp\htdocs\projects\lexyhands\app\services/../cache/sqlEasy/25dd178a9704f91d6c82ecaafb2cc8d3_4138f67e419240a864c9bb643ef55295.cache
Cache válido encontrado: C:\xampp\htdocs\projects\lexyhands\app\services/../cache/sqlEasy/d4653d6278e29621399445c405b32369_2620528386d7a439297805759c239cca.cache
Cache válido encontrado: C:\xampp\htdocs\projects\lexyhands\app\services/../cache/sqlEasy/d4653d6278e29621399445c405b32369_2620528386d7a439297805759c239cca.cache
Cache válido encontrado: C:\xampp\htdocs\projects\lexyhands\app\services/../cache/sqlEasy/1c9af725634795207941a36774e8be19_d0df165b167152e7b9374944eefc6a49.cache
Cache válido encontrado: C:\xampp\htdocs\projects\lexyhands\app\services/../cache/sqlEasy/1c9af725634795207941a36774e8be19_d0df165b167152e7b9374944eefc6a49.cache
Cache válido encontrado: C:\xampp\htdocs\projects\lexyhands\app\services/../cache/sqlEasy/f1e0829d5c0a24be2567fac12018c426_595d1cc0ae588f3b66c6a6affae69bcc.cache
Cache válido encontrado: C:\xampp\htdocs\projects\lexyhands\app\services/../cache/sqlEasy/f1e0829d5c0a24be2567fac12018c426_595d1cc0ae588f3b66c6a6affae69bcc.cache
Cache válido encontrado: C:\xampp\htdocs\projects\lexyhands\app\services/../cache/sqlEasy/40d8e09789d7ac17e7889e429c21e6a1_b566e03a350e72c624cba11f9f76758d.cache
Cache válido encontrado: C:\xampp\htdocs\projects\lexyhands\app\services/../cache/sqlEasy/40d8e09789d7ac17e7889e429c21e6a1_b566e03a350e72c624cba11f9f76758d.cache
Cache válido encontrado: C:\xampp\htdocs\projects\lexyhands\app\services/../cache/sqlEasy/40d8e09789d7ac17e7889e429c21e6a1_b566e03a350e72c624cba11f9f76758d.cache
Cache válido encontrado: C:\xampp\htdocs\projects\lexyhands\app\services/../cache/sqlEasy/40d8e09789d7ac17e7889e429c21e6a1_b566e03a350e72c624cba11f9f76758d.cache
Cache válido encontrado: C:\xampp\htdocs\projects\lexyhands\app\services/../cache/sqlEasy/40d8e09789d7ac17e7889e429c21e6a1_b566e03a350e72c624cba11f9f76758d.cache
Cache válido encontrado: C:\xampp\htdocs\projects\lexyhands\app\services/../cache/sqlEasy/40d8e09789d7ac17e7889e429c21e6a1_b566e03a350e72c624cba11f9f76758d.cache
Cache válido encontrado: C:\xampp\htdocs\projects\lexyhands\app\services/../cache/sqlEasy/0961a9966c52500c08aaef20bdb5ba3b_cfdf4240c64429f9383a9c24c4b89b93.cache
Cache válido encontrado: C:\xampp\htdocs\projects\lexyhands\app\services/../cache/sqlEasy/0961a9966c52500c08aaef20bdb5ba3b_cfdf4240c64429f9383a9c24c4b89b93.cache
Cache válido encontrado: C:\xampp\htdocs\projects\lexyhands\app\services/../cache/sqlEasy/25dd178a9704f91d6c82ecaafb2cc8d3_4138f67e419240a864c9bb643ef55295.cache
Cache válido encontrado: C:\xampp\htdocs\projects\lexyhands\app\services/../cache/sqlEasy/25dd178a9704f91d6c82ecaafb2cc8d3_4138f67e419240a864c9bb643ef55295.cache
Cache válido encontrado: C:\xampp\htdocs\projects\lexyhands\app\services/../cache/sqlEasy/d4653d6278e29621399445c405b32369_2620528386d7a439297805759c239cca.cache
Cache válido encontrado: C:\xampp\htdocs\projects\lexyhands\app\services/../cache/sqlEasy/d4653d6278e29621399445c405b32369_2620528386d7a439297805759c239cca.cache
Cache válido encontrado: C:\xampp\htdocs\projects\lexyhands\app\services/../cache/sqlEasy/1c9af725634795207941a36774e8be19_d0df165b167152e7b9374944eefc6a49.cache
Cache válido encontrado: C:\xampp\htdocs\projects\lexyhands\app\services/../cache/sqlEasy/1c9af725634795207941a36774e8be19_d0df165b167152e7b9374944eefc6a49.cache
Cache válido encontrado: C:\xampp\htdocs\projects\lexyhands\app\services/../cache/sqlEasy/f1e0829d5c0a24be2567fac12018c426_595d1cc0ae588f3b66c6a6affae69bcc.cache
Cache válido encontrado: C:\xampp\htdocs\projects\lexyhands\app\services/../cache/sqlEasy/f1e0829d5c0a24be2567fac12018c426_595d1cc0ae588f3b66c6a6affae69bcc.cache
Cache válido encontrado: C:\xampp\htdocs\projects\lexyhands\app\services/../cache/sqlEasy/40d8e09789d7ac17e7889e429c21e6a1_b566e03a350e72c624cba11f9f76758d.cache
Cache válido encontrado: C:\xampp\htdocs\projects\lexyhands\app\services/../cache/sqlEasy/40d8e09789d7ac17e7889e429c21e6a1_b566e03a350e72c624cba11f9f76758d.cache
Cache válido encontrado: C:\xampp\htdocs\projects\lexyhands\app\services/../cache/sqlEasy/40d8e09789d7ac17e7889e429c21e6a1_b566e03a350e72c624cba11f9f76758d.cache
Cache válido encontrado: C:\xampp\htdocs\projects\lexyhands\app\services/../cache/sqlEasy/40d8e09789d7ac17e7889e429c21e6a1_b566e03a350e72c624cba11f9f76758d.cache
Cache válido encontrado: C:\xampp\htdocs\projects\lexyhands\app\services/../cache/sqlEasy/40d8e09789d7ac17e7889e429c21e6a1_b566e03a350e72c624cba11f9f76758d.cache
Cache válido encontrado: C:\xampp\htdocs\projects\lexyhands\app\services/../cache/sqlEasy/40d8e09789d7ac17e7889e429c21e6a1_b566e03a350e72c624cba11f9f76758d.cache
Cache válido encontrado: C:\xampp\htdocs\projects\lexyhands\app\services/../cache/sqlEasy/0961a9966c52500c08aaef20bdb5ba3b_cfdf4240c64429f9383a9c24c4b89b93.cache
Cache válido encontrado: C:\xampp\htdocs\projects\lexyhands\app\services/../cache/sqlEasy/0961a9966c52500c08aaef20bdb5ba3b_cfdf4240c64429f9383a9c24c4b89b93.cache
Cache válido encontrado: C:\xampp\htdocs\projects\lexyhands\app\services/../cache/sqlEasy/25dd178a9704f91d6c82ecaafb2cc8d3_4138f67e419240a864c9bb643ef55295.cache
Cache válido encontrado: C:\xampp\htdocs\projects\lexyhands\app\services/../cache/sqlEasy/25dd178a9704f91d6c82ecaafb2cc8d3_4138f67e419240a864c9bb643ef55295.cache
Cache salvo: C:\xampp\htdocs\projects\lexyhands\app\services/../cache/sqlEasy/21e0625501ae3999eff5fa5e6abadd2c_8b7d5419cacf1084fa394e54f69cfef3.cache
Cache válido encontrado: C:\xampp\htdocs\projects\lexyhands\app\services/../cache/sqlEasy/d4653d6278e29621399445c405b32369_2620528386d7a439297805759c239cca.cache
Cache válido encontrado: C:\xampp\htdocs\projects\lexyhands\app\services/../cache/sqlEasy/d4653d6278e29621399445c405b32369_2620528386d7a439297805759c239cca.cache
Cache válido encontrado: C:\xampp\htdocs\projects\lexyhands\app\services/../cache/sqlEasy/1c9af725634795207941a36774e8be19_d0df165b167152e7b9374944eefc6a49.cache
Cache válido encontrado: C:\xampp\htdocs\projects\lexyhands\app\services/../cache/sqlEasy/1c9af725634795207941a36774e8be19_d0df165b167152e7b9374944eefc6a49.cache
Cache válido encontrado: C:\xampp\htdocs\projects\lexyhands\app\services/../cache/sqlEasy/f1e0829d5c0a24be2567fac12018c426_595d1cc0ae588f3b66c6a6affae69bcc.cache
Cache válido encontrado: C:\xampp\htdocs\projects\lexyhands\app\services/../cache/sqlEasy/f1e0829d5c0a24be2567fac12018c426_595d1cc0ae588f3b66c6a6affae69bcc.cache
Cache válido encontrado: C:\xampp\htdocs\projects\lexyhands\app\services/../cache/sqlEasy/40d8e09789d7ac17e7889e429c21e6a1_b566e03a350e72c624cba11f9f76758d.cache
Cache válido encontrado: C:\xampp\htdocs\projects\lexyhands\app\services/../cache/sqlEasy/40d8e09789d7ac17e7889e429c21e6a1_b566e03a350e72c624cba11f9f76758d.cache
Cache válido encontrado: C:\xampp\htdocs\projects\lexyhands\app\services/../cache/sqlEasy/40d8e09789d7ac17e7889e429c21e6a1_b566e03a350e72c624cba11f9f76758d.cache
Cache válido encontrado: C:\xampp\htdocs\projects\lexyhands\app\services/../cache/sqlEasy/40d8e09789d7ac17e7889e429c21e6a1_b566e03a350e72c624cba11f9f76758d.cache
Cache válido encontrado: C:\xampp\htdocs\projects\lexyhands\app\services/../cache/sqlEasy/40d8e09789d7ac17e7889e429c21e6a1_b566e03a350e72c624cba11f9f76758d.cache
Cache válido encontrado: C:\xampp\htdocs\projects\lexyhands\app\services/../cache/sqlEasy/40d8e09789d7ac17e7889e429c21e6a1_b566e03a350e72c624cba11f9f76758d.cache
Cache válido encontrado: C:\xampp\htdocs\projects\lexyhands\app\services/../cache/sqlEasy/0961a9966c52500c08aaef20bdb5ba3b_cfdf4240c64429f9383a9c24c4b89b93.cache
Cache válido encontrado: C:\xampp\htdocs\projects\lexyhands\app\services/../cache/sqlEasy/0961a9966c52500c08aaef20bdb5ba3b_cfdf4240c64429f9383a9c24c4b89b93.cache
Cache válido encontrado: C:\xampp\htdocs\projects\lexyhands\app\services/../cache/sqlEasy/25dd178a9704f91d6c82ecaafb2cc8d3_4138f67e419240a864c9bb643ef55295.cache
Cache válido encontrado: C:\xampp\htdocs\projects\lexyhands\app\services/../cache/sqlEasy/25dd178a9704f91d6c82ecaafb2cc8d3_4138f67e419240a864c9bb643ef55295.cache
Cache válido encontrado: C:\xampp\htdocs\projects\lexyhands\app\services/../cache/sqlEasy/21e0625501ae3999eff5fa5e6abadd2c_8b7d5419cacf1084fa394e54f69cfef3.cache
Cache válido encontrado: C:\xampp\htdocs\projects\lexyhands\app\services/../cache/sqlEasy/21e0625501ae3999eff5fa5e6abadd2c_8b7d5419cacf1084fa394e54f69cfef3.cache
Cache válido encontrado: C:\xampp\htdocs\projects\lexyhands\app\services/../cache/sqlEasy/d4653d6278e29621399445c405b32369_2620528386d7a439297805759c239cca.cache
Cache válido encontrado: C:\xampp\htdocs\projects\lexyhands\app\services/../cache/sqlEasy/d4653d6278e29621399445c405b32369_2620528386d7a439297805759c239cca.cache
Cache válido encontrado: C:\xampp\htdocs\projects\lexyhands\app\services/../cache/sqlEasy/1c9af725634795207941a36774e8be19_d0df165b167152e7b9374944eefc6a49.cache
Cache válido encontrado: C:\xampp\htdocs\projects\lexyhands\app\services/../cache/sqlEasy/1c9af725634795207941a36774e8be19_d0df165b167152e7b9374944eefc6a49.cache
Cache válido encontrado: C:\xampp\htdocs\projects\lexyhands\app\services/../cache/sqlEasy/f1e0829d5c0a24be2567fac12018c426_595d1cc0ae588f3b66c6a6affae69bcc.cache
Cache válido encontrado: C:\xampp\htdocs\projects\lexyhands\app\services/../cache/sqlEasy/f1e0829d5c0a24be2567fac12018c426_595d1cc0ae588f3b66c6a6affae69bcc.cache
Cache válido encontrado: C:\xampp\htdocs\projects\lexyhands\app\services/../cache/sqlEasy/40d8e09789d7ac17e7889e429c21e6a1_b566e03a350e72c624cba11f9f76758d.cache
Cache válido encontrado: C:\xampp\htdocs\projects\lexyhands\app\services/../cache/sqlEasy/40d8e09789d7ac17e7889e429c21e6a1_b566e03a350e72c624cba11f9f76758d.cache
Cache válido encontrado: C:\xampp\htdocs\projects\lexyhands\app\services/../cache/sqlEasy/40d8e09789d7ac17e7889e429c21e6a1_b566e03a350e72c624cba11f9f76758d.cache
Cache válido encontrado: C:\xampp\htdocs\projects\lexyhands\app\services/../cache/sqlEasy/40d8e09789d7ac17e7889e429c21e6a1_b566e03a350e72c624cba11f9f76758d.cache
Cache válido encontrado: C:\xampp\htdocs\projects\lexyhands\app\services/../cache/sqlEasy/40d8e09789d7ac17e7889e429c21e6a1_b566e03a350e72c624cba11f9f76758d.cache
Cache válido encontrado: C:\xampp\htdocs\projects\lexyhands\app\services/../cache/sqlEasy/40d8e09789d7ac17e7889e429c21e6a1_b566e03a350e72c624cba11f9f76758d.cache
Cache válido encontrado: C:\xampp\htdocs\projects\lexyhands\app\services/../cache/sqlEasy/0961a9966c52500c08aaef20bdb5ba3b_cfdf4240c64429f9383a9c24c4b89b93.cache
Cache válido encontrado: C:\xampp\htdocs\projects\lexyhands\app\services/../cache/sqlEasy/0961a9966c52500c08aaef20bdb5ba3b_cfdf4240c64429f9383a9c24c4b89b93.cache
Cache válido encontrado: C:\xampp\htdocs\projects\lexyhands\app\services/../cache/sqlEasy/25dd178a9704f91d6c82ecaafb2cc8d3_4138f67e419240a864c9bb643ef55295.cache
Cache válido encontrado: C:\xampp\htdocs\projects\lexyhands\app\services/../cache/sqlEasy/25dd178a9704f91d6c82ecaafb2cc8d3_4138f67e419240a864c9bb643ef55295.cache
Cache válido encontrado: C:\xampp\htdocs\projects\lexyhands\app\services/../cache/sqlEasy/21e0625501ae3999eff5fa5e6abadd2c_8b7d5419cacf1084fa394e54f69cfef3.cache
Cache válido encontrado: C:\xampp\htdocs\projects\lexyhands\app\services/../cache/sqlEasy/21e0625501ae3999eff5fa5e6abadd2c_8b7d5419cacf1084fa394e54f69cfef3.cache
Cache válido encontrado: C:\xampp\htdocs\projects\lexyhands\app\services/../cache/sqlEasy/d4653d6278e29621399445c405b32369_2620528386d7a439297805759c239cca.cache
Cache válido encontrado: C:\xampp\htdocs\projects\lexyhands\app\services/../cache/sqlEasy/d4653d6278e29621399445c405b32369_2620528386d7a439297805759c239cca.cache
Cache válido encontrado: C:\xampp\htdocs\projects\lexyhands\app\services/../cache/sqlEasy/1c9af725634795207941a36774e8be19_d0df165b167152e7b9374944eefc6a49.cache
Cache válido encontrado: C:\xampp\htdocs\projects\lexyhands\app\services/../cache/sqlEasy/1c9af725634795207941a36774e8be19_d0df165b167152e7b9374944eefc6a49.cache
Cache válido encontrado: C:\xampp\htdocs\projects\lexyhands\app\services/../cache/sqlEasy/f1e0829d5c0a24be2567fac12018c426_595d1cc0ae588f3b66c6a6affae69bcc.cache
Cache válido encontrado: C:\xampp\htdocs\projects\lexyhands\app\services/../cache/sqlEasy/f1e0829d5c0a24be2567fac12018c426_595d1cc0ae588f3b66c6a6affae69bcc.cache
Cache válido encontrado: C:\xampp\htdocs\projects\lexyhands\app\services/../cache/sqlEasy/40d8e09789d7ac17e7889e429c21e6a1_b566e03a350e72c624cba11f9f76758d.cache
Cache válido encontrado: C:\xampp\htdocs\projects\lexyhands\app\services/../cache/sqlEasy/40d8e09789d7ac17e7889e429c21e6a1_b566e03a350e72c624cba11f9f76758d.cache
Cache válido encontrado: C:\xampp\htdocs\projects\lexyhands\app\services/../cache/sqlEasy/40d8e09789d7ac17e7889e429c21e6a1_b566e03a350e72c624cba11f9f76758d.cache
Cache válido encontrado: C:\xampp\htdocs\projects\lexyhands\app\services/../cache/sqlEasy/40d8e09789d7ac17e7889e429c21e6a1_b566e03a350e72c624cba11f9f76758d.cache
Cache válido encontrado: C:\xampp\htdocs\projects\lexyhands\app\services/../cache/sqlEasy/40d8e09789d7ac17e7889e429c21e6a1_b566e03a350e72c624cba11f9f76758d.cache
Cache válido encontrado: C:\xampp\htdocs\projects\lexyhands\app\services/../cache/sqlEasy/40d8e09789d7ac17e7889e429c21e6a1_b566e03a350e72c624cba11f9f76758d.cache
Cache válido encontrado: C:\xampp\htdocs\projects\lexyhands\app\services/../cache/sqlEasy/0961a9966c52500c08aaef20bdb5ba3b_cfdf4240c64429f9383a9c24c4b89b93.cache
Cache válido encontrado: C:\xampp\htdocs\projects\lexyhands\app\services/../cache/sqlEasy/0961a9966c52500c08aaef20bdb5ba3b_cfdf4240c64429f9383a9c24c4b89b93.cache
Cache válido encontrado: C:\xampp\htdocs\projects\lexyhands\app\services/../cache/sqlEasy/25dd178a9704f91d6c82ecaafb2cc8d3_4138f67e419240a864c9bb643ef55295.cache
Cache válido encontrado: C:\xampp\htdocs\projects\lexyhands\app\services/../cache/sqlEasy/25dd178a9704f91d6c82ecaafb2cc8d3_4138f67e419240a864c9bb643ef55295.cache
Cache válido encontrado: C:\xampp\htdocs\projects\lexyhands\app\services/../cache/sqlEasy/21e0625501ae3999eff5fa5e6abadd2c_8b7d5419cacf1084fa394e54f69cfef3.cache
Cache válido encontrado: C:\xampp\htdocs\projects\lexyhands\app\services/../cache/sqlEasy/21e0625501ae3999eff5fa5e6abadd2c_8b7d5419cacf1084fa394e54f69cfef3.cache
Cache válido encontrado: C:\xampp\htdocs\projects\lexyhands\app\services/../cache/sqlEasy/d4653d6278e29621399445c405b32369_2620528386d7a439297805759c239cca.cache
Cache válido encontrado: C:\xampp\htdocs\projects\lexyhands\app\services/../cache/sqlEasy/d4653d6278e29621399445c405b32369_2620528386d7a439297805759c239cca.cache
Cache válido encontrado: C:\xampp\htdocs\projects\lexyhands\app\services/../cache/sqlEasy/1c9af725634795207941a36774e8be19_d0df165b167152e7b9374944eefc6a49.cache
Cache válido encontrado: C:\xampp\htdocs\projects\lexyhands\app\services/../cache/sqlEasy/1c9af725634795207941a36774e8be19_d0df165b167152e7b9374944eefc6a49.cache
Cache válido encontrado: C:\xampp\htdocs\projects\lexyhands\app\services/../cache/sqlEasy/f1e0829d5c0a24be2567fac12018c426_595d1cc0ae588f3b66c6a6affae69bcc.cache
Cache válido encontrado: C:\xampp\htdocs\projects\lexyhands\app\services/../cache/sqlEasy/f1e0829d5c0a24be2567fac12018c426_595d1cc0ae588f3b66c6a6affae69bcc.cache
Cache válido encontrado: C:\xampp\htdocs\projects\lexyhands\app\services/../cache/sqlEasy/40d8e09789d7ac17e7889e429c21e6a1_b566e03a350e72c624cba11f9f76758d.cache
Cache válido encontrado: C:\xampp\htdocs\projects\lexyhands\app\services/../cache/sqlEasy/40d8e09789d7ac17e7889e429c21e6a1_b566e03a350e72c624cba11f9f76758d.cache
Cache válido encontrado: C:\xampp\htdocs\projects\lexyhands\app\services/../cache/sqlEasy/40d8e09789d7ac17e7889e429c21e6a1_b566e03a350e72c624cba11f9f76758d.cache
Cache válido encontrado: C:\xampp\htdocs\projects\lexyhands\app\services/../cache/sqlEasy/40d8e09789d7ac17e7889e429c21e6a1_b566e03a350e72c624cba11f9f76758d.cache
Cache válido encontrado: C:\xampp\htdocs\projects\lexyhands\app\services/../cache/sqlEasy/40d8e09789d7ac17e7889e429c21e6a1_b566e03a350e72c624cba11f9f76758d.cache
Cache válido encontrado: C:\xampp\htdocs\projects\lexyhands\app\services/../cache/sqlEasy/40d8e09789d7ac17e7889e429c21e6a1_b566e03a350e72c624cba11f9f76758d.cache
Cache válido encontrado: C:\xampp\htdocs\projects\lexyhands\app\services/../cache/sqlEasy/0961a9966c52500c08aaef20bdb5ba3b_cfdf4240c64429f9383a9c24c4b89b93.cache
Cache válido encontrado: C:\xampp\htdocs\projects\lexyhands\app\services/../cache/sqlEasy/0961a9966c52500c08aaef20bdb5ba3b_cfdf4240c64429f9383a9c24c4b89b93.cache
Cache válido encontrado: C:\xampp\htdocs\projects\lexyhands\app\services/../cache/sqlEasy/25dd178a9704f91d6c82ecaafb2cc8d3_4138f67e419240a864c9bb643ef55295.cache
Cache válido encontrado: C:\xampp\htdocs\projects\lexyhands\app\services/../cache/sqlEasy/25dd178a9704f91d6c82ecaafb2cc8d3_4138f67e419240a864c9bb643ef55295.cache
Cache válido encontrado: C:\xampp\htdocs\projects\lexyhands\app\services/../cache/sqlEasy/21e0625501ae3999eff5fa5e6abadd2c_8b7d5419cacf1084fa394e54f69cfef3.cache
Cache válido encontrado: C:\xampp\htdocs\projects\lexyhands\app\services/../cache/sqlEasy/21e0625501ae3999eff5fa5e6abadd2c_8b7d5419cacf1084fa394e54f69cfef3.cache
Cache válido encontrado: C:\xampp\htdocs\projects\lexyhands\app\services/../cache/sqlEasy/d4653d6278e29621399445c405b32369_2620528386d7a439297805759c239cca.cache
Cache válido encontrado: C:\xampp\htdocs\projects\lexyhands\app\services/../cache/sqlEasy/d4653d6278e29621399445c405b32369_2620528386d7a439297805759c239cca.cache
Cache válido encontrado: C:\xampp\htdocs\projects\lexyhands\app\services/../cache/sqlEasy/1c9af725634795207941a36774e8be19_d0df165b167152e7b9374944eefc6a49.cache
Cache válido encontrado: C:\xampp\htdocs\projects\lexyhands\app\services/../cache/sqlEasy/1c9af725634795207941a36774e8be19_d0df165b167152e7b9374944eefc6a49.cache
Cache válido encontrado: C:\xampp\htdocs\projects\lexyhands\app\services/../cache/sqlEasy/f1e0829d5c0a24be2567fac12018c426_595d1cc0ae588f3b66c6a6affae69bcc.cache
Cache válido encontrado: C:\xampp\htdocs\projects\lexyhands\app\services/../cache/sqlEasy/f1e0829d5c0a24be2567fac12018c426_595d1cc0ae588f3b66c6a6affae69bcc.cache
Cache válido encontrado: C:\xampp\htdocs\projects\lexyhands\app\services/../cache/sqlEasy/40d8e09789d7ac17e7889e429c21e6a1_b566e03a350e72c624cba11f9f76758d.cache
Cache válido encontrado: C:\xampp\htdocs\projects\lexyhands\app\services/../cache/sqlEasy/40d8e09789d7ac17e7889e429c21e6a1_b566e03a350e72c624cba11f9f76758d.cache
Cache válido encontrado: C:\xampp\htdocs\projects\lexyhands\app\services/../cache/sqlEasy/40d8e09789d7ac17e7889e429c21e6a1_b566e03a350e72c624cba11f9f76758d.cache
Cache válido encontrado: C:\xampp\htdocs\projects\lexyhands\app\services/../cache/sqlEasy/40d8e09789d7ac17e7889e429c21e6a1_b566e03a350e72c624cba11f9f76758d.cache
Cache válido encontrado: C:\xampp\htdocs\projects\lexyhands\app\services/../cache/sqlEasy/40d8e09789d7ac17e7889e429c21e6a1_b566e03a350e72c624cba11f9f76758d.cache
Cache válido encontrado: C:\xampp\htdocs\projects\lexyhands\app\services/../cache/sqlEasy/40d8e09789d7ac17e7889e429c21e6a1_b566e03a350e72c624cba11f9f76758d.cache
Cache válido encontrado: C:\xampp\htdocs\projects\lexyhands\app\services/../cache/sqlEasy/0961a9966c52500c08aaef20bdb5ba3b_cfdf4240c64429f9383a9c24c4b89b93.cache
Cache válido encontrado: C:\xampp\htdocs\projects\lexyhands\app\services/../cache/sqlEasy/0961a9966c52500c08aaef20bdb5ba3b_cfdf4240c64429f9383a9c24c4b89b93.cache
Cache válido encontrado: C:\xampp\htdocs\projects\lexyhands\app\services/../cache/sqlEasy/25dd178a9704f91d6c82ecaafb2cc8d3_4138f67e419240a864c9bb643ef55295.cache
Cache válido encontrado: C:\xampp\htdocs\projects\lexyhands\app\services/../cache/sqlEasy/25dd178a9704f91d6c82ecaafb2cc8d3_4138f67e419240a864c9bb643ef55295.cache
Cache válido encontrado: C:\xampp\htdocs\projects\lexyhands\app\services/../cache/sqlEasy/21e0625501ae3999eff5fa5e6abadd2c_8b7d5419cacf1084fa394e54f69cfef3.cache
Cache válido encontrado: C:\xampp\htdocs\projects\lexyhands\app\services/../cache/sqlEasy/21e0625501ae3999eff5fa5e6abadd2c_8b7d5419cacf1084fa394e54f69cfef3.cache
Cache válido encontrado: C:\xampp\htdocs\projects\lexyhands\app\services/../cache/sqlEasy/d4653d6278e29621399445c405b32369_2620528386d7a439297805759c239cca.cache
Cache válido encontrado: C:\xampp\htdocs\projects\lexyhands\app\services/../cache/sqlEasy/d4653d6278e29621399445c405b32369_2620528386d7a439297805759c239cca.cache
Cache válido encontrado: C:\xampp\htdocs\projects\lexyhands\app\services/../cache/sqlEasy/1c9af725634795207941a36774e8be19_d0df165b167152e7b9374944eefc6a49.cache
Cache válido encontrado: C:\xampp\htdocs\projects\lexyhands\app\services/../cache/sqlEasy/1c9af725634795207941a36774e8be19_d0df165b167152e7b9374944eefc6a49.cache
Cache válido encontrado: C:\xampp\htdocs\projects\lexyhands\app\services/../cache/sqlEasy/f1e0829d5c0a24be2567fac12018c426_595d1cc0ae588f3b66c6a6affae69bcc.cache
Cache válido encontrado: C:\xampp\htdocs\projects\lexyhands\app\services/../cache/sqlEasy/f1e0829d5c0a24be2567fac12018c426_595d1cc0ae588f3b66c6a6affae69bcc.cache
Cache válido encontrado: C:\xampp\htdocs\projects\lexyhands\app\services/../cache/sqlEasy/40d8e09789d7ac17e7889e429c21e6a1_b566e03a350e72c624cba11f9f76758d.cache
Cache válido encontrado: C:\xampp\htdocs\projects\lexyhands\app\services/../cache/sqlEasy/40d8e09789d7ac17e7889e429c21e6a1_b566e03a350e72c624cba11f9f76758d.cache
Cache válido encontrado: C:\xampp\htdocs\projects\lexyhands\app\services/../cache/sqlEasy/40d8e09789d7ac17e7889e429c21e6a1_b566e03a350e72c624cba11f9f76758d.cache
Cache válido encontrado: C:\xampp\htdocs\projects\lexyhands\app\services/../cache/sqlEasy/40d8e09789d7ac17e7889e429c21e6a1_b566e03a350e72c624cba11f9f76758d.cache
Cache válido encontrado: C:\xampp\htdocs\projects\lexyhands\app\services/../cache/sqlEasy/40d8e09789d7ac17e7889e429c21e6a1_b566e03a350e72c624cba11f9f76758d.cache
Cache válido encontrado: C:\xampp\htdocs\projects\lexyhands\app\services/../cache/sqlEasy/40d8e09789d7ac17e7889e429c21e6a1_b566e03a350e72c624cba11f9f76758d.cache
Cache válido encontrado: C:\xampp\htdocs\projects\lexyhands\app\services/../cache/sqlEasy/0961a9966c52500c08aaef20bdb5ba3b_cfdf4240c64429f9383a9c24c4b89b93.cache
Cache válido encontrado: C:\xampp\htdocs\projects\lexyhands\app\services/../cache/sqlEasy/0961a9966c52500c08aaef20bdb5ba3b_cfdf4240c64429f9383a9c24c4b89b93.cache
Cache válido encontrado: C:\xampp\htdocs\projects\lexyhands\app\services/../cache/sqlEasy/25dd178a9704f91d6c82ecaafb2cc8d3_4138f67e419240a864c9bb643ef55295.cache
Cache válido encontrado: C:\xampp\htdocs\projects\lexyhands\app\services/../cache/sqlEasy/25dd178a9704f91d6c82ecaafb2cc8d3_4138f67e419240a864c9bb643ef55295.cache
Cache válido encontrado: C:\xampp\htdocs\projects\lexyhands\app\services/../cache/sqlEasy/21e0625501ae3999eff5fa5e6abadd2c_8b7d5419cacf1084fa394e54f69cfef3.cache
Cache válido encontrado: C:\xampp\htdocs\projects\lexyhands\app\services/../cache/sqlEasy/21e0625501ae3999eff5fa5e6abadd2c_8b7d5419cacf1084fa394e54f69cfef3.cache
Cache válido encontrado: C:\xampp\htdocs\projects\lexyhands\app\services/../cache/sqlEasy/d4653d6278e29621399445c405b32369_2620528386d7a439297805759c239cca.cache
Cache válido encontrado: C:\xampp\htdocs\projects\lexyhands\app\services/../cache/sqlEasy/d4653d6278e29621399445c405b32369_2620528386d7a439297805759c239cca.cache
Cache válido encontrado: C:\xampp\htdocs\projects\lexyhands\app\services/../cache/sqlEasy/1c9af725634795207941a36774e8be19_d0df165b167152e7b9374944eefc6a49.cache
Cache válido encontrado: C:\xampp\htdocs\projects\lexyhands\app\services/../cache/sqlEasy/1c9af725634795207941a36774e8be19_d0df165b167152e7b9374944eefc6a49.cache
Cache válido encontrado: C:\xampp\htdocs\projects\lexyhands\app\services/../cache/sqlEasy/f1e0829d5c0a24be2567fac12018c426_595d1cc0ae588f3b66c6a6affae69bcc.cache
Cache válido encontrado: C:\xampp\htdocs\projects\lexyhands\app\services/../cache/sqlEasy/f1e0829d5c0a24be2567fac12018c426_595d1cc0ae588f3b66c6a6affae69bcc.cache
Cache válido encontrado: C:\xampp\htdocs\projects\lexyhands\app\services/../cache/sqlEasy/40d8e09789d7ac17e7889e429c21e6a1_b566e03a350e72c624cba11f9f76758d.cache
Cache válido encontrado: C:\xampp\htdocs\projects\lexyhands\app\services/../cache/sqlEasy/40d8e09789d7ac17e7889e429c21e6a1_b566e03a350e72c624cba11f9f76758d.cache
Cache válido encontrado: C:\xampp\htdocs\projects\lexyhands\app\services/../cache/sqlEasy/40d8e09789d7ac17e7889e429c21e6a1_b566e03a350e72c624cba11f9f76758d.cache
Cache válido encontrado: C:\xampp\htdocs\projects\lexyhands\app\services/../cache/sqlEasy/40d8e09789d7ac17e7889e429c21e6a1_b566e03a350e72c624cba11f9f76758d.cache
Cache válido encontrado: C:\xampp\htdocs\projects\lexyhands\app\services/../cache/sqlEasy/40d8e09789d7ac17e7889e429c21e6a1_b566e03a350e72c624cba11f9f76758d.cache
Cache válido encontrado: C:\xampp\htdocs\projects\lexyhands\app\services/../cache/sqlEasy/40d8e09789d7ac17e7889e429c21e6a1_b566e03a350e72c624cba11f9f76758d.cache
Cache válido encontrado: C:\xampp\htdocs\projects\lexyhands\app\services/../cache/sqlEasy/0961a9966c52500c08aaef20bdb5ba3b_cfdf4240c64429f9383a9c24c4b89b93.cache
Cache válido encontrado: C:\xampp\htdocs\projects\lexyhands\app\services/../cache/sqlEasy/0961a9966c52500c08aaef20bdb5ba3b_cfdf4240c64429f9383a9c24c4b89b93.cache
Cache válido encontrado: C:\xampp\htdocs\projects\lexyhands\app\services/../cache/sqlEasy/25dd178a9704f91d6c82ecaafb2cc8d3_4138f67e419240a864c9bb643ef55295.cache
Cache válido encontrado: C:\xampp\htdocs\projects\lexyhands\app\services/../cache/sqlEasy/25dd178a9704f91d6c82ecaafb2cc8d3_4138f67e419240a864c9bb643ef55295.cache
Cache válido encontrado: C:\xampp\htdocs\projects\lexyhands\app\services/../cache/sqlEasy/21e0625501ae3999eff5fa5e6abadd2c_8b7d5419cacf1084fa394e54f69cfef3.cache
Cache válido encontrado: C:\xampp\htdocs\projects\lexyhands\app\services/../cache/sqlEasy/21e0625501ae3999eff5fa5e6abadd2c_8b7d5419cacf1084fa394e54f69cfef3.cache
Cache válido encontrado: C:\xampp\htdocs\projects\lexyhands\app\services/../cache/sqlEasy/d4653d6278e29621399445c405b32369_2620528386d7a439297805759c239cca.cache
Cache válido encontrado: C:\xampp\htdocs\projects\lexyhands\app\services/../cache/sqlEasy/d4653d6278e29621399445c405b32369_2620528386d7a439297805759c239cca.cache
Cache válido encontrado: C:\xampp\htdocs\projects\lexyhands\app\services/../cache/sqlEasy/1c9af725634795207941a36774e8be19_d0df165b167152e7b9374944eefc6a49.cache
Cache válido encontrado: C:\xampp\htdocs\projects\lexyhands\app\services/../cache/sqlEasy/1c9af725634795207941a36774e8be19_d0df165b167152e7b9374944eefc6a49.cache
Cache válido encontrado: C:\xampp\htdocs\projects\lexyhands\app\services/../cache/sqlEasy/f1e0829d5c0a24be2567fac12018c426_595d1cc0ae588f3b66c6a6affae69bcc.cache
Cache válido encontrado: C:\xampp\htdocs\projects\lexyhands\app\services/../cache/sqlEasy/f1e0829d5c0a24be2567fac12018c426_595d1cc0ae588f3b66c6a6affae69bcc.cache
Cache válido encontrado: C:\xampp\htdocs\projects\lexyhands\app\services/../cache/sqlEasy/40d8e09789d7ac17e7889e429c21e6a1_b566e03a350e72c624cba11f9f76758d.cache
Cache válido encontrado: C:\xampp\htdocs\projects\lexyhands\app\services/../cache/sqlEasy/40d8e09789d7ac17e7889e429c21e6a1_b566e03a350e72c624cba11f9f76758d.cache
Cache válido encontrado: C:\xampp\htdocs\projects\lexyhands\app\services/../cache/sqlEasy/40d8e09789d7ac17e7889e429c21e6a1_b566e03a350e72c624cba11f9f76758d.cache
Cache válido encontrado: C:\xampp\htdocs\projects\lexyhands\app\services/../cache/sqlEasy/40d8e09789d7ac17e7889e429c21e6a1_b566e03a350e72c624cba11f9f76758d.cache
Cache válido encontrado: C:\xampp\htdocs\projects\lexyhands\app\services/../cache/sqlEasy/40d8e09789d7ac17e7889e429c21e6a1_b566e03a350e72c624cba11f9f76758d.cache
Cache válido encontrado: C:\xampp\htdocs\projects\lexyhands\app\services/../cache/sqlEasy/40d8e09789d7ac17e7889e429c21e6a1_b566e03a350e72c624cba11f9f76758d.cache
Cache válido encontrado: C:\xampp\htdocs\projects\lexyhands\app\services/../cache/sqlEasy/0961a9966c52500c08aaef20bdb5ba3b_cfdf4240c64429f9383a9c24c4b89b93.cache
Cache válido encontrado: C:\xampp\htdocs\projects\lexyhands\app\services/../cache/sqlEasy/0961a9966c52500c08aaef20bdb5ba3b_cfdf4240c64429f9383a9c24c4b89b93.cache
Cache válido encontrado: C:\xampp\htdocs\projects\lexyhands\app\services/../cache/sqlEasy/25dd178a9704f91d6c82ecaafb2cc8d3_4138f67e419240a864c9bb643ef55295.cache
Cache válido encontrado: C:\xampp\htdocs\projects\lexyhands\app\services/../cache/sqlEasy/25dd178a9704f91d6c82ecaafb2cc8d3_4138f67e419240a864c9bb643ef55295.cache
Cache válido encontrado: C:\xampp\htdocs\projects\lexyhands\app\services/../cache/sqlEasy/21e0625501ae3999eff5fa5e6abadd2c_8b7d5419cacf1084fa394e54f69cfef3.cache
Cache válido encontrado: C:\xampp\htdocs\projects\lexyhands\app\services/../cache/sqlEasy/21e0625501ae3999eff5fa5e6abadd2c_8b7d5419cacf1084fa394e54f69cfef3.cache
Cache válido encontrado: C:\xampp\htdocs\projects\lexyhands\app\services/../cache/sqlEasy/d4653d6278e29621399445c405b32369_2620528386d7a439297805759c239cca.cache
Cache válido encontrado: C:\xampp\htdocs\projects\lexyhands\app\services/../cache/sqlEasy/d4653d6278e29621399445c405b32369_2620528386d7a439297805759c239cca.cache
Cache válido encontrado: C:\xampp\htdocs\projects\lexyhands\app\services/../cache/sqlEasy/1c9af725634795207941a36774e8be19_d0df165b167152e7b9374944eefc6a49.cache
Cache válido encontrado: C:\xampp\htdocs\projects\lexyhands\app\services/../cache/sqlEasy/1c9af725634795207941a36774e8be19_d0df165b167152e7b9374944eefc6a49.cache
Cache válido encontrado: C:\xampp\htdocs\projects\lexyhands\app\services/../cache/sqlEasy/f1e0829d5c0a24be2567fac12018c426_595d1cc0ae588f3b66c6a6affae69bcc.cache
Cache válido encontrado: C:\xampp\htdocs\projects\lexyhands\app\services/../cache/sqlEasy/f1e0829d5c0a24be2567fac12018c426_595d1cc0ae588f3b66c6a6affae69bcc.cache
Cache válido encontrado: C:\xampp\htdocs\projects\lexyhands\app\services/../cache/sqlEasy/40d8e09789d7ac17e7889e429c21e6a1_b566e03a350e72c624cba11f9f76758d.cache
Cache válido encontrado: C:\xampp\htdocs\projects\lexyhands\app\services/../cache/sqlEasy/40d8e09789d7ac17e7889e429c21e6a1_b566e03a350e72c624cba11f9f76758d.cache
Cache válido encontrado: C:\xampp\htdocs\projects\lexyhands\app\services/../cache/sqlEasy/40d8e09789d7ac17e7889e429c21e6a1_b566e03a350e72c624cba11f9f76758d.cache
Cache válido encontrado: C:\xampp\htdocs\projects\lexyhands\app\services/../cache/sqlEasy/40d8e09789d7ac17e7889e429c21e6a1_b566e03a350e72c624cba11f9f76758d.cache
Cache válido encontrado: C:\xampp\htdocs\projects\lexyhands\app\services/../cache/sqlEasy/40d8e09789d7ac17e7889e429c21e6a1_b566e03a350e72c624cba11f9f76758d.cache
Cache válido encontrado: C:\xampp\htdocs\projects\lexyhands\app\services/../cache/sqlEasy/40d8e09789d7ac17e7889e429c21e6a1_b566e03a350e72c624cba11f9f76758d.cache
Cache válido encontrado: C:\xampp\htdocs\projects\lexyhands\app\services/../cache/sqlEasy/0961a9966c52500c08aaef20bdb5ba3b_cfdf4240c64429f9383a9c24c4b89b93.cache
Cache válido encontrado: C:\xampp\htdocs\projects\lexyhands\app\services/../cache/sqlEasy/0961a9966c52500c08aaef20bdb5ba3b_cfdf4240c64429f9383a9c24c4b89b93.cache
Cache válido encontrado: C:\xampp\htdocs\projects\lexyhands\app\services/../cache/sqlEasy/25dd178a9704f91d6c82ecaafb2cc8d3_4138f67e419240a864c9bb643ef55295.cache
Cache válido encontrado: C:\xampp\htdocs\projects\lexyhands\app\services/../cache/sqlEasy/25dd178a9704f91d6c82ecaafb2cc8d3_4138f67e419240a864c9bb643ef55295.cache
Cache válido encontrado: C:\xampp\htdocs\projects\lexyhands\app\services/../cache/sqlEasy/21e0625501ae3999eff5fa5e6abadd2c_8b7d5419cacf1084fa394e54f69cfef3.cache
Cache válido encontrado: C:\xampp\htdocs\projects\lexyhands\app\services/../cache/sqlEasy/21e0625501ae3999eff5fa5e6abadd2c_8b7d5419cacf1084fa394e54f69cfef3.cache
Cache válido encontrado: C:\xampp\htdocs\projects\lexyhands\app\services/../cache/sqlEasy/d4653d6278e29621399445c405b32369_2620528386d7a439297805759c239cca.cache
Cache válido encontrado: C:\xampp\htdocs\projects\lexyhands\app\services/../cache/sqlEasy/d4653d6278e29621399445c405b32369_2620528386d7a439297805759c239cca.cache
Cache válido encontrado: C:\xampp\htdocs\projects\lexyhands\app\services/../cache/sqlEasy/1c9af725634795207941a36774e8be19_d0df165b167152e7b9374944eefc6a49.cache
Cache válido encontrado: C:\xampp\htdocs\projects\lexyhands\app\services/../cache/sqlEasy/1c9af725634795207941a36774e8be19_d0df165b167152e7b9374944eefc6a49.cache
Cache válido encontrado: C:\xampp\htdocs\projects\lexyhands\app\services/../cache/sqlEasy/f1e0829d5c0a24be2567fac12018c426_595d1cc0ae588f3b66c6a6affae69bcc.cache
Cache válido encontrado: C:\xampp\htdocs\projects\lexyhands\app\services/../cache/sqlEasy/f1e0829d5c0a24be2567fac12018c426_595d1cc0ae588f3b66c6a6affae69bcc.cache
Cache válido encontrado: C:\xampp\htdocs\projects\lexyhands\app\services/../cache/sqlEasy/40d8e09789d7ac17e7889e429c21e6a1_b566e03a350e72c624cba11f9f76758d.cache
Cache válido encontrado: C:\xampp\htdocs\projects\lexyhands\app\services/../cache/sqlEasy/40d8e09789d7ac17e7889e429c21e6a1_b566e03a350e72c624cba11f9f76758d.cache
Cache válido encontrado: C:\xampp\htdocs\projects\lexyhands\app\services/../cache/sqlEasy/40d8e09789d7ac17e7889e429c21e6a1_b566e03a350e72c624cba11f9f76758d.cache
Cache válido encontrado: C:\xampp\htdocs\projects\lexyhands\app\services/../cache/sqlEasy/40d8e09789d7ac17e7889e429c21e6a1_b566e03a350e72c624cba11f9f76758d.cache
Cache válido encontrado: C:\xampp\htdocs\projects\lexyhands\app\services/../cache/sqlEasy/40d8e09789d7ac17e7889e429c21e6a1_b566e03a350e72c624cba11f9f76758d.cache
Cache válido encontrado: C:\xampp\htdocs\projects\lexyhands\app\services/../cache/sqlEasy/40d8e09789d7ac17e7889e429c21e6a1_b566e03a350e72c624cba11f9f76758d.cache
Cache válido encontrado: C:\xampp\htdocs\projects\lexyhands\app\services/../cache/sqlEasy/0961a9966c52500c08aaef20bdb5ba3b_cfdf4240c64429f9383a9c24c4b89b93.cache
Cache válido encontrado: C:\xampp\htdocs\projects\lexyhands\app\services/../cache/sqlEasy/0961a9966c52500c08aaef20bdb5ba3b_cfdf4240c64429f9383a9c24c4b89b93.cache
Cache válido encontrado: C:\xampp\htdocs\projects\lexyhands\app\services/../cache/sqlEasy/25dd178a9704f91d6c82ecaafb2cc8d3_4138f67e419240a864c9bb643ef55295.cache
Cache válido encontrado: C:\xampp\htdocs\projects\lexyhands\app\services/../cache/sqlEasy/25dd178a9704f91d6c82ecaafb2cc8d3_4138f67e419240a864c9bb643ef55295.cache
Cache válido encontrado: C:\xampp\htdocs\projects\lexyhands\app\services/../cache/sqlEasy/21e0625501ae3999eff5fa5e6abadd2c_8b7d5419cacf1084fa394e54f69cfef3.cache
Cache válido encontrado: C:\xampp\htdocs\projects\lexyhands\app\services/../cache/sqlEasy/21e0625501ae3999eff5fa5e6abadd2c_8b7d5419cacf1084fa394e54f69cfef3.cache
Cache válido encontrado: C:\xampp\htdocs\projects\lexyhands\app\services/../cache/sqlEasy/d4653d6278e29621399445c405b32369_2620528386d7a439297805759c239cca.cache
Cache válido encontrado: C:\xampp\htdocs\projects\lexyhands\app\services/../cache/sqlEasy/d4653d6278e29621399445c405b32369_2620528386d7a439297805759c239cca.cache
Cache válido encontrado: C:\xampp\htdocs\projects\lexyhands\app\services/../cache/sqlEasy/1c9af725634795207941a36774e8be19_d0df165b167152e7b9374944eefc6a49.cache
Cache válido encontrado: C:\xampp\htdocs\projects\lexyhands\app\services/../cache/sqlEasy/1c9af725634795207941a36774e8be19_d0df165b167152e7b9374944eefc6a49.cache
Cache válido encontrado: C:\xampp\htdocs\projects\lexyhands\app\services/../cache/sqlEasy/f1e0829d5c0a24be2567fac12018c426_595d1cc0ae588f3b66c6a6affae69bcc.cache
Cache válido encontrado: C:\xampp\htdocs\projects\lexyhands\app\services/../cache/sqlEasy/f1e0829d5c0a24be2567fac12018c426_595d1cc0ae588f3b66c6a6affae69bcc.cache
Cache válido encontrado: C:\xampp\htdocs\projects\lexyhands\app\services/../cache/sqlEasy/40d8e09789d7ac17e7889e429c21e6a1_b566e03a350e72c624cba11f9f76758d.cache
Cache válido encontrado: C:\xampp\htdocs\projects\lexyhands\app\services/../cache/sqlEasy/40d8e09789d7ac17e7889e429c21e6a1_b566e03a350e72c624cba11f9f76758d.cache
Cache válido encontrado: C:\xampp\htdocs\projects\lexyhands\app\services/../cache/sqlEasy/40d8e09789d7ac17e7889e429c21e6a1_b566e03a350e72c624cba11f9f76758d.cache
Cache válido encontrado: C:\xampp\htdocs\projects\lexyhands\app\services/../cache/sqlEasy/40d8e09789d7ac17e7889e429c21e6a1_b566e03a350e72c624cba11f9f76758d.cache
